Initialising Tcl ChemShell 3.7.0 on 2 linux nodes
load_amber_coords/=============================== Tstep:    0.0 Ttot:    0.0 ==
...load_amber_coords/============================ Tstep:    1.2 Ttot:    1.2 ==
...load_amber_coords/dl-find/==================== Tstep:    1.3 Ttot:    2.5 ==
...dl-find/copy_object/========================== Tstep:    0.0 Ttot:    2.5 ==
...dl-find/get_number_of_atoms/================== Tstep:    0.0 Ttot:    2.6 ==
...dl-find/set_matrix_size/====================== Tstep:    0.0 Ttot:    2.6 ==
...dl-find/set_matrix_size/====================== Tstep:    0.0 Ttot:    2.6 ==
...dl-find/none.init/============================ Tstep:    0.0 Ttot:    2.6 ==
...get_number_of_atoms/========================== Tstep:    0.0 Ttot:    2.6 ==
...get_number_of_shells/========================= Tstep:    0.0 Ttot:    2.6 ==

***********************************************************************
**                                                                   **
**                       ---------------------                       **
**                              DL-FIND                              **
**                       Geometry Optimisation                       **
**                       ---------------------                       **
**                                                                   **
**                 J. Kaestner, J.M. Carr, T.W. Keal,                **
**                W. Thiel, A. Wander and P. Sherwood                **
**                                                                   **
**              J. Phys. Chem. A, 2009, 113 (43), 11856.             **
**                                                                   **
**   Please include this reference in published work using DL-FIND.  **
**                                                                   **
**               Copyright:  STFC Daresbury Laboratory               **
**                           Revision: Unversioned directory         **
**                                                                   **
***********************************************************************

 Calculating the reaction rate based on harmonic transition state theory
 Number of zero modes in RS and TS:    0    0
                     Reactant        TS
 Number of atoms         9480      9480
 Degrees of freedom        81        81
                                      Hartree           kJ/mol            eV                K
Potential energy Barrier             0.02360077       61.96382421        0.64220973     7452.52623305
ZPE Correction                      -0.00636406      -16.70884200       -0.17317493    -2009.60939537
Vibrational adiabatic barrier        0.01723671       45.25498221        0.46903480     5442.91683769
Rotational contr. at start T         0.00000000        0.00000000        0.00000000        0.00000000
Crossover Temperature              189.60747993 K
 log_10 of rates in second^-1
Change of log(rate) by the rotational partition function        0.00000000
       1000/T           rate classical       quantised vib.      simpl. Wigner       Eckart
      3.333333333333      2.617902392194      4.742875451733      4.962218399700      5.064945688099
 
 #       1000/T           full wigner
      3.333333333333      5.079238963917

Timing report
=============
Module                                      CPU time            Wall clock time
Total .................................     0.028 (100.00%)     0.033 (100.00%) seconds
Energy and Gradient ...................     0.000 (  0.00%)     0.000 (  0.00%) seconds
Step direction ........................     0.000 (  0.00%)     0.000 (  0.00%) seconds
Coordinate transformation .............     0.000 (  0.00%)     0.000 (  0.00%) seconds
Checkpoint file I/O ...................     0.000 (  0.00%)     0.000 (  0.00%) seconds
XYZ-file I/O ..........................     0.000 (  0.00%)     0.000 (  0.00%) seconds
exit 0
ChemShell exiting code 0
