Initialising Tcl ChemShell 3.7.0 on linux
load_amber_coords/=============================== Tstep:    0.0 Ttot:    0.0 ==
...load_amber_coords/============================ Tstep:    1.7 Ttot:    1.8 ==
...load_amber_coords/dl-find/==================== Tstep:    1.8 Ttot:    3.6 ==
...dl-find/copy_object/========================== Tstep:    0.0 Ttot:    3.6 ==
...dl-find/get_number_of_atoms/================== Tstep:    0.1 Ttot:    3.6 ==
...dl-find/set_matrix_size/====================== Tstep:    0.0 Ttot:    3.7 ==
...dl-find/set_matrix_size/====================== Tstep:    0.0 Ttot:    3.7 ==
...dl-find/none.init/============================ Tstep:    0.0 Ttot:    3.7 ==
...get_number_of_atoms/========================== Tstep:    0.0 Ttot:    3.7 ==
...get_number_of_shells/========================= Tstep:    0.0 Ttot:    3.7 ==

***********************************************************************
**                                                                   **
**                       ---------------------                       **
**                              DL-FIND                              **
**                       Geometry Optimisation                       **
**                       ---------------------                       **
**                                                                   **
**                 J. Kaestner, J.M. Carr, T.W. Keal,                **
**                W. Thiel, A. Wander and P. Sherwood                **
**                                                                   **
**              J. Phys. Chem. A, 2009, 113 (43), 11856.             **
**                                                                   **
**   Please include this reference in published work using DL-FIND.  **
**                                                                   **
**               Copyright:  STFC Daresbury Laboratory               **
**                           Revision: Unversioned directory         **
**                                                                   **
***********************************************************************

 Calculating the reaction rate based on harmonic transition state theory
 Number of zero modes in RS and TS:    0    0
                     Reactant        TS
 Number of atoms         9231      9231
 Degrees of freedom        81        81
                                      Hartree           kJ/mol            eV                K
Potential energy Barrier             0.00338021        8.87474618        0.09198026     1067.38535858
ZPE Correction                      -0.00420427      -11.03832030       -0.11440412    -1327.60320543
Vibrational adiabatic barrier       -0.00082406       -2.16357412       -0.02242386     -260.21784686
Rotational contr. at start T         0.00000000        0.00000000        0.00000000        0.00000000
Crossover Temperature              275.54310056 K
 log_10 of rates in second^-1
Change of log(rate) by the rotational partition function        0.00000000
       1000/T           rate classical       quantised vib.      simpl. Wigner       Eckart
      3.333333333333     12.004928948160     13.124203448048     13.502177093010                 NaN
 
 #       1000/T           full wigner
      3.333333333333     14.180749822866

Timing report
=============
Module                                      CPU time            Wall clock time
Total .................................     0.033 (100.00%)     0.105 (100.00%) seconds
Energy and Gradient ...................     0.000 (  0.00%)     0.000 (  0.00%) seconds
Step direction ........................     0.000 (  0.00%)     0.000 (  0.00%) seconds
Coordinate transformation .............     0.000 (  0.00%)     0.000 (  0.00%) seconds
Checkpoint file I/O ...................     0.000 (  0.00%)     0.000 (  0.00%) seconds
XYZ-file I/O ..........................     0.000 (  0.00%)     0.000 (  0.00%) seconds
exit 0
ChemShell exiting code 0
