Initialising Tcl ChemShell 3.7.0 on 2 linux nodes
load_amber_coords/=============================== Tstep:    0.0 Ttot:    0.0 ==
...load_amber_coords/============================ Tstep:    1.1 Ttot:    1.1 ==
...load_amber_coords/dl-find/==================== Tstep:    1.2 Ttot:    2.3 ==
...dl-find/copy_object/========================== Tstep:    0.0 Ttot:    2.3 ==
...dl-find/get_number_of_atoms/================== Tstep:    0.0 Ttot:    2.4 ==
...dl-find/set_matrix_size/====================== Tstep:    0.0 Ttot:    2.4 ==
...dl-find/set_matrix_size/====================== Tstep:    0.0 Ttot:    2.4 ==
...dl-find/none.init/============================ Tstep:    0.0 Ttot:    2.4 ==
...get_number_of_atoms/========================== Tstep:    0.0 Ttot:    2.4 ==
...get_number_of_shells/========================= Tstep:    0.0 Ttot:    2.4 ==

***********************************************************************
**                                                                   **
**                       ---------------------                       **
**                              DL-FIND                              **
**                       Geometry Optimisation                       **
**                       ---------------------                       **
**                                                                   **
**                 J. Kaestner, J.M. Carr, T.W. Keal,                **
**                W. Thiel, A. Wander and P. Sherwood                **
**                                                                   **
**              J. Phys. Chem. A, 2009, 113 (43), 11856.             **
**                                                                   **
**   Please include this reference in published work using DL-FIND.  **
**                                                                   **
**               Copyright:  STFC Daresbury Laboratory               **
**                           Revision: Unversioned directory         **
**                                                                   **
***********************************************************************

 Calculating the reaction rate based on harmonic transition state theory
 Number of zero modes in RS and TS:    0    0
                     Reactant        TS
 Number of atoms         9276      9276
 Degrees of freedom        81        81
                                      Hartree           kJ/mol            eV                K
Potential energy Barrier             0.02346428       61.60546734        0.63849563     7409.42586016
ZPE Correction                      -0.00580148      -15.23177962       -0.15786626    -1831.95983531
Vibrational adiabatic barrier        0.01766280       46.37368772        0.48062937     5577.46602485
Rotational contr. at start T         0.00000000        0.00000000        0.00000000        0.00000000
Crossover Temperature              282.38822756 K
 log_10 of rates in second^-1
Change of log(rate) by the rotational partition function        0.00000000
       1000/T           rate classical       quantised vib.      simpl. Wigner       Eckart
      3.333333333333      2.465842098230      4.382613347061      4.773101296941      5.148714170617
 
 #       1000/T           full wigner
      3.333333333333      5.590121714310

Timing report
=============
Module                                      CPU time            Wall clock time
Total .................................     0.022 (100.00%)     0.145 (100.00%) seconds
Energy and Gradient ...................     0.000 (  0.00%)     0.000 (  0.00%) seconds
Step direction ........................     0.000 (  0.00%)     0.000 (  0.00%) seconds
Coordinate transformation .............     0.000 (  0.00%)     0.000 (  0.00%) seconds
Checkpoint file I/O ...................     0.000 (  0.00%)     0.000 (  0.00%) seconds
XYZ-file I/O ..........................     0.000 (  0.00%)     0.000 (  0.00%) seconds
exit 0
ChemShell exiting code 0
