Initialising Tcl ChemShell 3.7.0 on linux
load_amber_coords/=============================== Tstep:    0.0 Ttot:    0.0 ==
...load_amber_coords/============================ Tstep:    1.2 Ttot:    1.2 ==
...load_amber_coords/dl-find/==================== Tstep:    1.1 Ttot:    2.4 ==
...dl-find/copy_object/========================== Tstep:    0.0 Ttot:    2.4 ==
...dl-find/get_number_of_atoms/================== Tstep:    0.0 Ttot:    2.4 ==
...dl-find/set_matrix_size/====================== Tstep:    0.0 Ttot:    2.4 ==
...dl-find/set_matrix_size/====================== Tstep:    0.0 Ttot:    2.4 ==
...dl-find/none.init/============================ Tstep:    0.0 Ttot:    2.4 ==
...get_number_of_atoms/========================== Tstep:    0.0 Ttot:    2.4 ==
...get_number_of_shells/========================= Tstep:    0.0 Ttot:    2.4 ==

***********************************************************************
**                                                                   **
**                       ---------------------                       **
**                              DL-FIND                              **
**                       Geometry Optimisation                       **
**                       ---------------------                       **
**                                                                   **
**                 J. Kaestner, J.M. Carr, T.W. Keal,                **
**                W. Thiel, A. Wander and P. Sherwood                **
**                                                                   **
**              J. Phys. Chem. A, 2009, 113 (43), 11856.             **
**                                                                   **
**   Please include this reference in published work using DL-FIND.  **
**                                                                   **
**               Copyright:  STFC Daresbury Laboratory               **
**                           Revision: exported                      **
**                                                                   **
***********************************************************************

 Calculating the reaction rate based on harmonic transition state theory
 Number of zero modes in RS and TS:    0    0
                     Reactant        TS
 Number of atoms         8924      8924
 Degrees of freedom        81        81
                                      Hartree           kJ/mol            eV                K
Potential energy Barrier             0.02343820       61.53698767        0.63778588     7401.18965815
ZPE Correction                      -0.00605903      -15.90797946       -0.16487458    -1913.28788610
Vibrational adiabatic barrier        0.01737917       45.62900821        0.47291131     5487.90177205
Rotational contr. at start T         0.00000000        0.00000000        0.00000000        0.00000000
Crossover Temperature              219.82075396 K
 log_10 of rates in second^-1
Change of log(rate) by the rotational partition function        0.00000000
       1000/T           rate classical       quantised vib.      simpl. Wigner       Eckart
      3.333333333333      2.681311509349      4.660330618744      4.935219706542      5.102829622615
 
 #       1000/T           full wigner
      3.333333333333      5.150621848957

Timing report
=============
Module                                      CPU time            Wall clock time
Total .................................     0.028 (100.00%)     0.286 (100.00%) seconds
Energy and Gradient ...................     0.000 (  0.00%)     0.000 (  0.00%) seconds
Step direction ........................     0.000 (  0.00%)     0.000 (  0.00%) seconds
Coordinate transformation .............     0.000 (  0.00%)     0.000 (  0.00%) seconds
Checkpoint file I/O ...................     0.000 (  0.00%)     0.000 (  0.00%) seconds
XYZ-file I/O ..........................     0.000 (  0.00%)     0.000 (  0.00%) seconds
exit 0
ChemShell exiting code 0
Application 38615430 resources: utime ~3s, stime ~0s, Rss ~66788, inblocks ~60300, outblocks ~160777
