Initialising Tcl ChemShell 3.7.0 on linux
load_amber_coords/=============================== Tstep:    0.1 Ttot:    0.1 ==
...load_amber_coords/============================ Tstep:    1.2 Ttot:    1.3 ==
...load_amber_coords/dl-find/==================== Tstep:    1.2 Ttot:    2.4 ==
...dl-find/copy_object/========================== Tstep:    0.0 Ttot:    2.4 ==
...dl-find/get_number_of_atoms/================== Tstep:    0.0 Ttot:    2.5 ==
...dl-find/set_matrix_size/====================== Tstep:    0.0 Ttot:    2.5 ==
...dl-find/set_matrix_size/====================== Tstep:    0.0 Ttot:    2.5 ==
...dl-find/none.init/============================ Tstep:    0.0 Ttot:    2.5 ==
...get_number_of_atoms/========================== Tstep:    0.0 Ttot:    2.5 ==
...get_number_of_shells/========================= Tstep:    0.0 Ttot:    2.5 ==

***********************************************************************
**                                                                   **
**                       ---------------------                       **
**                              DL-FIND                              **
**                       Geometry Optimisation                       **
**                       ---------------------                       **
**                                                                   **
**                 J. Kaestner, J.M. Carr, T.W. Keal,                **
**                W. Thiel, A. Wander and P. Sherwood                **
**                                                                   **
**              J. Phys. Chem. A, 2009, 113 (43), 11856.             **
**                                                                   **
**   Please include this reference in published work using DL-FIND.  **
**                                                                   **
**               Copyright:  STFC Daresbury Laboratory               **
**                           Revision: exported                      **
**                                                                   **
***********************************************************************

 Calculating the reaction rate based on harmonic transition state theory
 Number of zero modes in RS and TS:    0    0
                     Reactant        TS
 Number of atoms         9214      9214
 Degrees of freedom        81        81
                                      Hartree           kJ/mol            eV                K
Potential energy Barrier             0.01883799       49.45912288        0.51260765     5948.55813751
ZPE Correction                      -0.00571046      -14.99282347       -0.15538965    -1803.22005003
Vibrational adiabatic barrier        0.01312752       34.46629941        0.35721799     4145.33808749
Rotational contr. at start T         0.00000000        0.00000000        0.00000000        0.00000000
Crossover Temperature              246.36945325 K
 log_10 of rates in second^-1
Change of log(rate) by the rotational partition function        0.00000000
       1000/T           rate classical       quantised vib.      simpl. Wigner       Eckart
      3.333333333333      4.588227370390      6.465505931891      6.789660426012      7.013378100777
 
 #       1000/T           full wigner
      3.333333333333      7.150755990528

Timing report
=============
Module                                      CPU time            Wall clock time
Total .................................     0.032 (100.00%)     0.200 (100.00%) seconds
Energy and Gradient ...................     0.000 (  0.00%)     0.000 (  0.00%) seconds
Step direction ........................     0.000 (  0.00%)     0.000 (  0.00%) seconds
Coordinate transformation .............     0.000 (  0.00%)     0.000 (  0.00%) seconds
Checkpoint file I/O ...................     0.000 (  0.00%)     0.000 (  0.00%) seconds
XYZ-file I/O ..........................     0.000 (  0.00%)     0.000 (  0.00%) seconds
exit 0
ChemShell exiting code 0
Application 38615434 resources: utime ~3s, stime ~0s, Rss ~67604, inblocks ~60684, outblocks ~161053
