Initialising Tcl ChemShell 3.7.0 on 2 linux nodes
load_amber_coords/=============================== Tstep:    0.0 Ttot:    0.0 ==
...load_amber_coords/============================ Tstep:    1.5 Ttot:    1.6 ==
...load_amber_coords/dl-find/==================== Tstep:    1.6 Ttot:    3.2 ==
...dl-find/copy_object/========================== Tstep:    0.0 Ttot:    3.2 ==
...dl-find/get_number_of_atoms/================== Tstep:    0.0 Ttot:    3.2 ==
...dl-find/set_matrix_size/====================== Tstep:    0.0 Ttot:    3.3 ==
...dl-find/set_matrix_size/====================== Tstep:    0.0 Ttot:    3.3 ==
...dl-find/none.init/============================ Tstep:    0.0 Ttot:    3.3 ==
...get_number_of_atoms/========================== Tstep:    0.0 Ttot:    3.3 ==
...get_number_of_shells/========================= Tstep:    0.0 Ttot:    3.3 ==

***********************************************************************
**                                                                   **
**                       ---------------------                       **
**                              DL-FIND                              **
**                       Geometry Optimisation                       **
**                       ---------------------                       **
**                                                                   **
**                 J. Kaestner, J.M. Carr, T.W. Keal,                **
**                W. Thiel, A. Wander and P. Sherwood                **
**                                                                   **
**              J. Phys. Chem. A, 2009, 113 (43), 11856.             **
**                                                                   **
**   Please include this reference in published work using DL-FIND.  **
**                                                                   **
**               Copyright:  STFC Daresbury Laboratory               **
**                           Revision: Unversioned directory         **
**                                                                   **
***********************************************************************

 Calculating the reaction rate based on harmonic transition state theory
 Number of zero modes in RS and TS:    0    0
                     Reactant        TS
 Number of atoms         9327      9327
 Degrees of freedom        81        81
                                      Hartree           kJ/mol            eV                K
Potential energy Barrier             0.00359312        9.43373167        0.09777373     1134.61577971
ZPE Correction                      -0.00497167      -13.05311381       -0.13528598    -1569.92687767
Vibrational adiabatic barrier       -0.00137855       -3.61938214       -0.03751225     -435.31109797
Rotational contr. at start T         0.00000000        0.00000000        0.00000000        0.00000000
Crossover Temperature              171.92758209 K
 log_10 of rates in second^-1
Change of log(rate) by the rotational partition function        0.00000000
       1000/T           rate classical       quantised vib.      simpl. Wigner       Eckart
      3.333333333333     11.427330017705     12.941260764441     13.128852796012                 NaN
 
 #       1000/T           full wigner
      3.333333333333     13.208186666772

Timing report
=============
Module                                      CPU time            Wall clock time
Total .................................     0.030 (100.00%)     0.031 (100.00%) seconds
Energy and Gradient ...................     0.000 (  0.00%)     0.000 (  0.00%) seconds
Step direction ........................     0.000 (  0.00%)     0.000 (  0.00%) seconds
Coordinate transformation .............     0.000 (  0.00%)     0.000 (  0.00%) seconds
Checkpoint file I/O ...................     0.000 (  0.00%)     0.000 (  0.00%) seconds
XYZ-file I/O ..........................     0.000 (  0.00%)     0.000 (  0.00%) seconds
exit 0
ChemShell exiting code 0
