Initialising Tcl ChemShell 3.7.0 on 2 linux nodes
load_amber_coords/=============================== Tstep:    0.3 Ttot:    0.3 ==
...load_amber_coords/============================ Tstep:    1.7 Ttot:    2.0 ==
...load_amber_coords/dl-find/==================== Tstep:    1.8 Ttot:    3.8 ==
...dl-find/copy_object/========================== Tstep:    0.0 Ttot:    3.8 ==
...dl-find/get_number_of_atoms/================== Tstep:    0.1 Ttot:    3.9 ==
...dl-find/set_matrix_size/====================== Tstep:    0.0 Ttot:    3.9 ==
...dl-find/set_matrix_size/====================== Tstep:    0.0 Ttot:    3.9 ==
...dl-find/none.init/============================ Tstep:    0.0 Ttot:    4.0 ==
...get_number_of_atoms/========================== Tstep:    0.0 Ttot:    4.0 ==
...get_number_of_shells/========================= Tstep:    0.0 Ttot:    4.0 ==

***********************************************************************
**                                                                   **
**                       ---------------------                       **
**                              DL-FIND                              **
**                       Geometry Optimisation                       **
**                       ---------------------                       **
**                                                                   **
**                 J. Kaestner, J.M. Carr, T.W. Keal,                **
**                W. Thiel, A. Wander and P. Sherwood                **
**                                                                   **
**              J. Phys. Chem. A, 2009, 113 (43), 11856.             **
**                                                                   **
**   Please include this reference in published work using DL-FIND.  **
**                                                                   **
**               Copyright:  STFC Daresbury Laboratory               **
**                           Revision: Unversioned directory         **
**                                                                   **
***********************************************************************

 Calculating the reaction rate based on harmonic transition state theory
 Number of zero modes in RS and TS:    0    0
                     Reactant        TS
 Number of atoms         8587      8587
 Degrees of freedom        81        81
                                      Hartree           kJ/mol            eV                K
Potential energy Barrier             0.02480164       65.11670554        0.67488704     7831.73024714
ZPE Correction                      -0.00573299      -15.05195337       -0.15600249    -1810.33173390
Vibrational adiabatic barrier        0.01906866       50.06475218        0.51888455     6021.39851323
Rotational contr. at start T         0.00000000        0.00000000        0.00000000        0.00000000
Crossover Temperature              114.44803875 K
 log_10 of rates in second^-1
Change of log(rate) by the rotational partition function        0.00000000
       1000/T           rate classical       quantised vib.      simpl. Wigner       Eckart
      3.333333333333      1.887843261780      3.853811640659      3.947022852201      3.966003852457
 
 #       1000/T           full wigner
      3.333333333333      3.963268816716

Timing report
=============
Module                                      CPU time            Wall clock time
Total .................................     0.042 (100.00%)     0.221 (100.00%) seconds
Energy and Gradient ...................     0.000 (  0.00%)     0.000 (  0.00%) seconds
Step direction ........................     0.000 (  0.00%)     0.000 (  0.00%) seconds
Coordinate transformation .............     0.000 (  0.00%)     0.000 (  0.00%) seconds
Checkpoint file I/O ...................     0.000 (  0.00%)     0.000 (  0.00%) seconds
XYZ-file I/O ..........................     0.000 (  0.00%)     0.000 (  0.00%) seconds
exit 0
ChemShell exiting code 0
