Initialising Tcl ChemShell 3.7.0 on linux
load_amber_coords/=============================== Tstep:    0.0 Ttot:    0.0 ==
...load_amber_coords/============================ Tstep:    1.2 Ttot:    1.2 ==
...load_amber_coords/dl-find/==================== Tstep:    1.3 Ttot:    2.5 ==
...dl-find/copy_object/========================== Tstep:    0.0 Ttot:    2.5 ==
...dl-find/get_number_of_atoms/================== Tstep:    0.0 Ttot:    2.6 ==
...dl-find/set_matrix_size/====================== Tstep:    0.0 Ttot:    2.6 ==
...dl-find/set_matrix_size/====================== Tstep:    0.0 Ttot:    2.6 ==
...dl-find/none.init/============================ Tstep:    0.0 Ttot:    2.6 ==
...get_number_of_atoms/========================== Tstep:    0.0 Ttot:    2.6 ==
...get_number_of_shells/========================= Tstep:    0.0 Ttot:    2.6 ==

***********************************************************************
**                                                                   **
**                       ---------------------                       **
**                              DL-FIND                              **
**                       Geometry Optimisation                       **
**                       ---------------------                       **
**                                                                   **
**                 J. Kaestner, J.M. Carr, T.W. Keal,                **
**                W. Thiel, A. Wander and P. Sherwood                **
**                                                                   **
**              J. Phys. Chem. A, 2009, 113 (43), 11856.             **
**                                                                   **
**   Please include this reference in published work using DL-FIND.  **
**                                                                   **
**               Copyright:  STFC Daresbury Laboratory               **
**                           Revision: exported                      **
**                                                                   **
***********************************************************************

 Calculating the reaction rate based on harmonic transition state theory
 Number of zero modes in RS and TS:    0    0
                     Reactant        TS
 Number of atoms         9131      9131
 Degrees of freedom        81        81
                                      Hartree           kJ/mol            eV                K
Potential energy Barrier             0.00112816        2.96198744        0.03069883      356.24478242
ZPE Correction                      -0.00221559       -5.81702924       -0.06028925     -699.62697710
Vibrational adiabatic barrier       -0.00108743       -2.85504180       -0.02959042     -343.38219467
Rotational contr. at start T         0.00000000        0.00000000        0.00000000        0.00000000
Crossover Temperature              184.71061555 K
 log_10 of rates in second^-1
Change of log(rate) by the rotational partition function        0.00000000
       1000/T           rate classical       quantised vib.      simpl. Wigner       Eckart
      3.333333333333     12.677388109334     13.151190378184     13.361663118176                 NaN
 
 #       1000/T           full wigner
      3.333333333333     13.467056197768

Timing report
=============
Module                                      CPU time            Wall clock time
Total .................................     0.032 (100.00%)     0.277 (100.00%) seconds
Energy and Gradient ...................     0.000 (  0.00%)     0.000 (  0.00%) seconds
Step direction ........................     0.000 (  0.00%)     0.000 (  0.00%) seconds
Coordinate transformation .............     0.000 (  0.00%)     0.000 (  0.00%) seconds
Checkpoint file I/O ...................     0.000 (  0.00%)     0.000 (  0.00%) seconds
XYZ-file I/O ..........................     0.000 (  0.00%)     0.000 (  0.00%) seconds
exit 0
ChemShell exiting code 0
Application 38615544 resources: utime ~3s, stime ~1s, Rss ~67408, inblocks ~60573, outblocks ~160972
