Initialising Tcl ChemShell 3.7.0 on 2 linux nodes
load_amber_coords/=============================== Tstep:    0.0 Ttot:    0.0 ==
...load_amber_coords/============================ Tstep:    1.3 Ttot:    1.4 ==
...load_amber_coords/dl-find/==================== Tstep:    1.3 Ttot:    2.7 ==
...dl-find/copy_object/========================== Tstep:    0.0 Ttot:    2.7 ==
...dl-find/get_number_of_atoms/================== Tstep:    0.0 Ttot:    2.7 ==
...dl-find/set_matrix_size/====================== Tstep:    0.0 Ttot:    2.8 ==
...dl-find/set_matrix_size/====================== Tstep:    0.0 Ttot:    2.8 ==
...dl-find/none.init/============================ Tstep:    0.0 Ttot:    2.8 ==
...get_number_of_atoms/========================== Tstep:    0.0 Ttot:    2.8 ==
...get_number_of_shells/========================= Tstep:    0.0 Ttot:    2.8 ==

***********************************************************************
**                                                                   **
**                       ---------------------                       **
**                              DL-FIND                              **
**                       Geometry Optimisation                       **
**                       ---------------------                       **
**                                                                   **
**                 J. Kaestner, J.M. Carr, T.W. Keal,                **
**                W. Thiel, A. Wander and P. Sherwood                **
**                                                                   **
**              J. Phys. Chem. A, 2009, 113 (43), 11856.             **
**                                                                   **
**   Please include this reference in published work using DL-FIND.  **
**                                                                   **
**               Copyright:  STFC Daresbury Laboratory               **
**                           Revision: Unversioned directory         **
**                                                                   **
***********************************************************************

 Calculating the reaction rate based on harmonic transition state theory
 Number of zero modes in RS and TS:    0    0
                     Reactant        TS
 Number of atoms         9304      9304
 Degrees of freedom        81        81
                                      Hartree           kJ/mol            eV                K
Potential energy Barrier             0.02472986       64.92822885        0.67293362     7809.06173813
ZPE Correction                      -0.00643033      -16.88282136       -0.17497810    -2030.53427891
Vibrational adiabatic barrier        0.01829953       48.04540748        0.49795552     5778.52745922
Rotational contr. at start T         0.00000000        0.00000000        0.00000000        0.00000000
Crossover Temperature              232.60325079 K
 log_10 of rates in second^-1
Change of log(rate) by the rotational partition function        0.00000000
       1000/T           rate classical       quantised vib.      simpl. Wigner       Eckart
      3.333333333333      2.103343412226      4.251391368101      4.549996941651      4.753939528809
 
 #       1000/T           full wigner
      3.333333333333      4.826041755839

Timing report
=============
Module                                      CPU time            Wall clock time
Total .................................     0.027 (100.00%)     0.098 (100.00%) seconds
Energy and Gradient ...................     0.000 (  0.00%)     0.000 (  0.00%) seconds
Step direction ........................     0.000 (  0.00%)     0.000 (  0.00%) seconds
Coordinate transformation .............     0.000 (  0.00%)     0.000 (  0.00%) seconds
Checkpoint file I/O ...................     0.000 (  0.00%)     0.000 (  0.00%) seconds
XYZ-file I/O ..........................     0.000 (  0.00%)     0.000 (  0.00%) seconds
exit 0
ChemShell exiting code 0
