Initialising Tcl ChemShell 3.7.0 on 2 linux nodes
load_amber_coords/=============================== Tstep:    0.0 Ttot:    0.0 ==
...load_amber_coords/============================ Tstep:    1.1 Ttot:    1.1 ==
...load_amber_coords/dl-find/==================== Tstep:    1.2 Ttot:    2.3 ==
...dl-find/copy_object/========================== Tstep:    0.0 Ttot:    2.3 ==
...dl-find/get_number_of_atoms/================== Tstep:    0.0 Ttot:    2.4 ==
...dl-find/set_matrix_size/====================== Tstep:    0.0 Ttot:    2.4 ==
...dl-find/set_matrix_size/====================== Tstep:    0.0 Ttot:    2.4 ==
...dl-find/none.init/============================ Tstep:    0.0 Ttot:    2.4 ==
...get_number_of_atoms/========================== Tstep:    0.0 Ttot:    2.4 ==
...get_number_of_shells/========================= Tstep:    0.0 Ttot:    2.4 ==

***********************************************************************
**                                                                   **
**                       ---------------------                       **
**                              DL-FIND                              **
**                       Geometry Optimisation                       **
**                       ---------------------                       **
**                                                                   **
**                 J. Kaestner, J.M. Carr, T.W. Keal,                **
**                W. Thiel, A. Wander and P. Sherwood                **
**                                                                   **
**              J. Phys. Chem. A, 2009, 113 (43), 11856.             **
**                                                                   **
**   Please include this reference in published work using DL-FIND.  **
**                                                                   **
**               Copyright:  STFC Daresbury Laboratory               **
**                           Revision: Unversioned directory         **
**                                                                   **
***********************************************************************

 Calculating the reaction rate based on harmonic transition state theory
 Number of zero modes in RS and TS:    0    0
                     Reactant        TS
 Number of atoms         9480      9480
 Degrees of freedom        81        81
                                      Hartree           kJ/mol            eV                K
Potential energy Barrier             0.00627804       16.48298926        0.17083413     1982.44558668
ZPE Correction                      -0.00372178       -9.77153918       -0.10127486    -1175.24463711
Vibrational adiabatic barrier        0.00255626        6.71145007        0.06955927      807.20094959
Rotational contr. at start T         0.00000000        0.00000000        0.00000000        0.00000000
Crossover Temperature              160.19239939 K
 log_10 of rates in second^-1
Change of log(rate) by the rotational partition function        0.00000000
       1000/T           rate classical       quantised vib.      simpl. Wigner       Eckart
      3.333333333333     10.533498927696     11.549929226527     11.716956435708     11.782438072187
 
 #       1000/T           full wigner
      3.333333333333     11.777078261259

Timing report
=============
Module                                      CPU time            Wall clock time
Total .................................     0.025 (100.00%)     0.142 (100.00%) seconds
Energy and Gradient ...................     0.000 (  0.00%)     0.000 (  0.00%) seconds
Step direction ........................     0.000 (  0.00%)     0.000 (  0.00%) seconds
Coordinate transformation .............     0.000 (  0.00%)     0.000 (  0.00%) seconds
Checkpoint file I/O ...................     0.000 (  0.00%)     0.000 (  0.00%) seconds
XYZ-file I/O ..........................     0.000 (  0.00%)     0.000 (  0.00%) seconds
exit 0
ChemShell exiting code 0
