Initialising Tcl ChemShell 3.7.0 on 2 linux nodes
load_amber_coords/=============================== Tstep:    0.1 Ttot:    0.1 ==
...load_amber_coords/============================ Tstep:    0.8 Ttot:    0.9 ==
...load_amber_coords/dl-find/==================== Tstep:    0.9 Ttot:    1.8 ==
...dl-find/copy_object/========================== Tstep:    0.0 Ttot:    1.8 ==
...dl-find/get_number_of_atoms/================== Tstep:    0.0 Ttot:    1.8 ==
...dl-find/set_matrix_size/====================== Tstep:    0.0 Ttot:    1.9 ==
...dl-find/set_matrix_size/====================== Tstep:    0.0 Ttot:    1.9 ==
...dl-find/none.init/============================ Tstep:    0.0 Ttot:    1.9 ==
...get_number_of_atoms/========================== Tstep:    0.0 Ttot:    1.9 ==
...get_number_of_shells/========================= Tstep:    0.0 Ttot:    1.9 ==

***********************************************************************
**                                                                   **
**                       ---------------------                       **
**                              DL-FIND                              **
**                       Geometry Optimisation                       **
**                       ---------------------                       **
**                                                                   **
**                 J. Kaestner, J.M. Carr, T.W. Keal,                **
**                W. Thiel, A. Wander and P. Sherwood                **
**                                                                   **
**              J. Phys. Chem. A, 2009, 113 (43), 11856.             **
**                                                                   **
**   Please include this reference in published work using DL-FIND.  **
**                                                                   **
**               Copyright:  STFC Daresbury Laboratory               **
**                           Revision: Unversioned directory         **
**                                                                   **
***********************************************************************

 Calculating the reaction rate based on harmonic transition state theory
 Number of zero modes in RS and TS:    0    0
                     Reactant        TS
 Number of atoms         8821      8821
 Degrees of freedom        81        81
                                      Hartree           kJ/mol            eV                K
Potential energy Barrier             0.01709306       44.87781249        0.46512571     5397.55380054
ZPE Correction                      -0.00571769      -15.01179293       -0.15558626    -1805.50154944
Vibrational adiabatic barrier        0.01137537       29.86601956        0.30953946     3592.05225112
Rotational contr. at start T         0.00000000        0.00000000        0.00000000        0.00000000
Crossover Temperature              262.51251058 K
 log_10 of rates in second^-1
Change of log(rate) by the rotational partition function        0.00000000
       1000/T           rate classical       quantised vib.      simpl. Wigner       Eckart
      3.333333333333      5.460645519230      7.289069830648      7.643086537956      7.898795812077
 
 #       1000/T           full wigner
      3.333333333333      8.145546180717

Timing report
=============
Module                                      CPU time            Wall clock time
Total .................................     0.023 (100.00%)     0.150 (100.00%) seconds
Energy and Gradient ...................     0.000 (  0.00%)     0.000 (  0.00%) seconds
Step direction ........................     0.000 (  0.00%)     0.000 (  0.00%) seconds
Coordinate transformation .............     0.000 (  0.00%)     0.000 (  0.00%) seconds
Checkpoint file I/O ...................     0.000 (  0.00%)     0.000 (  0.00%) seconds
XYZ-file I/O ..........................     0.000 (  0.00%)     0.000 (  0.00%) seconds
exit 0
ChemShell exiting code 0
