Initialising Tcl ChemShell 3.7.0 on 2 linux nodes
load_amber_coords/=============================== Tstep:    0.0 Ttot:    0.0 ==
...load_amber_coords/============================ Tstep:    1.6 Ttot:    1.6 ==
...load_amber_coords/dl-find/==================== Tstep:    1.7 Ttot:    3.3 ==
...dl-find/copy_object/========================== Tstep:    0.0 Ttot:    3.3 ==
...dl-find/get_number_of_atoms/================== Tstep:    0.0 Ttot:    3.4 ==
...dl-find/set_matrix_size/====================== Tstep:    0.0 Ttot:    3.4 ==
...dl-find/set_matrix_size/====================== Tstep:    0.0 Ttot:    3.4 ==
...dl-find/none.init/============================ Tstep:    0.0 Ttot:    3.4 ==
...get_number_of_atoms/========================== Tstep:    0.0 Ttot:    3.4 ==
...get_number_of_shells/========================= Tstep:    0.0 Ttot:    3.4 ==

***********************************************************************
**                                                                   **
**                       ---------------------                       **
**                              DL-FIND                              **
**                       Geometry Optimisation                       **
**                       ---------------------                       **
**                                                                   **
**                 J. Kaestner, J.M. Carr, T.W. Keal,                **
**                W. Thiel, A. Wander and P. Sherwood                **
**                                                                   **
**              J. Phys. Chem. A, 2009, 113 (43), 11856.             **
**                                                                   **
**   Please include this reference in published work using DL-FIND.  **
**                                                                   **
**               Copyright:  STFC Daresbury Laboratory               **
**                           Revision: Unversioned directory         **
**                                                                   **
***********************************************************************

 Calculating the reaction rate based on harmonic transition state theory
 Number of zero modes in RS and TS:    0    0
                     Reactant        TS
 Number of atoms         9480      9480
 Degrees of freedom        81        81
                                      Hartree           kJ/mol            eV                K
Potential energy Barrier             0.00375869        9.86845138        0.10227928     1186.90048127
ZPE Correction                      -0.00483875      -12.70413544       -0.13166908    -1527.95447786
Vibrational adiabatic barrier       -0.00108006       -2.83568407       -0.02938979     -341.05399659
Rotational contr. at start T         0.00000000        0.00000000        0.00000000        0.00000000
Crossover Temperature              176.17481684 K
 log_10 of rates in second^-1
Change of log(rate) by the rotational partition function        0.00000000
       1000/T           rate classical       quantised vib.      simpl. Wigner       Eckart
      3.333333333333     11.122633415198     12.564968622206     12.760113827736                 NaN
 
 #       1000/T           full wigner
      3.333333333333     12.847464240995

Timing report
=============
Module                                      CPU time            Wall clock time
Total .................................     0.037 (100.00%)     0.124 (100.00%) seconds
Energy and Gradient ...................     0.000 (  0.00%)     0.000 (  0.00%) seconds
Step direction ........................     0.000 (  0.00%)     0.000 (  0.00%) seconds
Coordinate transformation .............     0.000 (  0.00%)     0.000 (  0.00%) seconds
Checkpoint file I/O ...................     0.000 (  0.00%)     0.000 (  0.00%) seconds
XYZ-file I/O ..........................     0.000 (  0.00%)     0.000 (  0.00%) seconds
exit 0
ChemShell exiting code 0
