Initialising Tcl ChemShell 3.7.0 on linux
load_amber_coords/=============================== Tstep:    0.1 Ttot:    0.1 ==
...load_amber_coords/============================ Tstep:    1.2 Ttot:    1.2 ==
...load_amber_coords/dl-find/==================== Tstep:    1.2 Ttot:    2.4 ==
...dl-find/copy_object/========================== Tstep:    0.0 Ttot:    2.4 ==
...dl-find/get_number_of_atoms/================== Tstep:    0.0 Ttot:    2.5 ==
...dl-find/set_matrix_size/====================== Tstep:    0.0 Ttot:    2.5 ==
...dl-find/set_matrix_size/====================== Tstep:    0.0 Ttot:    2.5 ==
...dl-find/none.init/============================ Tstep:    0.0 Ttot:    2.5 ==
...get_number_of_atoms/========================== Tstep:    0.0 Ttot:    2.5 ==
...get_number_of_shells/========================= Tstep:    0.0 Ttot:    2.5 ==

***********************************************************************
**                                                                   **
**                       ---------------------                       **
**                              DL-FIND                              **
**                       Geometry Optimisation                       **
**                       ---------------------                       **
**                                                                   **
**                 J. Kaestner, J.M. Carr, T.W. Keal,                **
**                W. Thiel, A. Wander and P. Sherwood                **
**                                                                   **
**              J. Phys. Chem. A, 2009, 113 (43), 11856.             **
**                                                                   **
**   Please include this reference in published work using DL-FIND.  **
**                                                                   **
**               Copyright:  STFC Daresbury Laboratory               **
**                           Revision: exported                      **
**                                                                   **
***********************************************************************

 Calculating the reaction rate based on harmonic transition state theory
 Number of zero modes in RS and TS:    0    0
                     Reactant        TS
 Number of atoms         9179      9179
 Degrees of freedom        81        81
                                      Hartree           kJ/mol            eV                K
Potential energy Barrier             0.00248965        6.53658284        0.06774690      786.16927990
ZPE Correction                      -0.00401690      -10.54636553       -0.10930537    -1268.43471683
Vibrational adiabatic barrier       -0.00152725       -4.00978270       -0.04155847     -482.26543692
Rotational contr. at start T         0.00000000        0.00000000        0.00000000        0.00000000
Crossover Temperature              185.44916617 K
 log_10 of rates in second^-1
Change of log(rate) by the rotational partition function        0.00000000
       1000/T           rate classical       quantised vib.      simpl. Wigner       Eckart
      3.333333333333     12.026713421504     13.166941386266     13.378748629483                 NaN
 
 #       1000/T           full wigner
      3.333333333333     13.485832817157

Timing report
=============
Module                                      CPU time            Wall clock time
Total .................................     0.032 (100.00%)     0.275 (100.00%) seconds
Energy and Gradient ...................     0.000 (  0.00%)     0.000 (  0.00%) seconds
Step direction ........................     0.000 (  0.00%)     0.000 (  0.00%) seconds
Coordinate transformation .............     0.000 (  0.00%)     0.000 (  0.00%) seconds
Checkpoint file I/O ...................     0.000 (  0.00%)     0.000 (  0.00%) seconds
XYZ-file I/O ..........................     0.000 (  0.00%)     0.000 (  0.00%) seconds
exit 0
ChemShell exiting code 0
Application 38615562 resources: utime ~3s, stime ~1s, Rss ~67580, inblocks ~60634, outblocks ~161018
