Initialising Tcl ChemShell 3.7.0 on 2 linux nodes
load_amber_coords/=============================== Tstep:    0.4 Ttot:    0.4 ==
...load_amber_coords/============================ Tstep:    1.2 Ttot:    1.6 ==
...load_amber_coords/dl-find/==================== Tstep:    1.2 Ttot:    2.9 ==
...dl-find/copy_object/========================== Tstep:    0.0 Ttot:    2.9 ==
...dl-find/get_number_of_atoms/================== Tstep:    0.1 Ttot:    2.9 ==
...dl-find/set_matrix_size/====================== Tstep:    0.0 Ttot:    3.0 ==
...dl-find/set_matrix_size/====================== Tstep:    0.0 Ttot:    3.0 ==
...dl-find/none.init/============================ Tstep:    0.0 Ttot:    3.0 ==
...get_number_of_atoms/========================== Tstep:    0.0 Ttot:    3.0 ==
...get_number_of_shells/========================= Tstep:    0.0 Ttot:    3.0 ==

***********************************************************************
**                                                                   **
**                       ---------------------                       **
**                              DL-FIND                              **
**                       Geometry Optimisation                       **
**                       ---------------------                       **
**                                                                   **
**                 J. Kaestner, J.M. Carr, T.W. Keal,                **
**                W. Thiel, A. Wander and P. Sherwood                **
**                                                                   **
**              J. Phys. Chem. A, 2009, 113 (43), 11856.             **
**                                                                   **
**   Please include this reference in published work using DL-FIND.  **
**                                                                   **
**               Copyright:  STFC Daresbury Laboratory               **
**                           Revision: Unversioned directory         **
**                                                                   **
***********************************************************************

 Calculating the reaction rate based on harmonic transition state theory
 Number of zero modes in RS and TS:    0    0
                     Reactant        TS
 Number of atoms         9422      9422
 Degrees of freedom        81        81
                                      Hartree           kJ/mol            eV                K
Potential energy Barrier             0.00133081        3.49404007        0.03621317      420.23593039
ZPE Correction                      -0.00262995       -6.90494220       -0.07156468     -830.47267538
Vibrational adiabatic barrier       -0.00129914       -3.41090212       -0.03535151     -410.23674499
Rotational contr. at start T         0.00000000        0.00000000        0.00000000        0.00000000
Crossover Temperature              114.29673133 K
 log_10 of rates in second^-1
Change of log(rate) by the rotational partition function        0.00000000
       1000/T           rate classical       quantised vib.      simpl. Wigner       Eckart
      3.333333333333     12.744252753008     13.324067766048     13.417057259393                 NaN
 
 #       1000/T           full wigner
      3.333333333333     13.433219750273

Timing report
=============
Module                                      CPU time            Wall clock time
Total .................................     0.031 (100.00%)     0.247 (100.00%) seconds
Energy and Gradient ...................     0.000 (  0.00%)     0.000 (  0.00%) seconds
Step direction ........................     0.000 (  0.00%)     0.000 (  0.00%) seconds
Coordinate transformation .............     0.000 (  0.00%)     0.000 (  0.00%) seconds
Checkpoint file I/O ...................     0.000 (  0.00%)     0.000 (  0.00%) seconds
XYZ-file I/O ..........................     0.000 (  0.00%)     0.000 (  0.00%) seconds
exit 0
ChemShell exiting code 0
