Initialising Tcl ChemShell 3.7.0 on 2 linux nodes
load_amber_coords/=============================== Tstep:    0.1 Ttot:    0.1 ==
...load_amber_coords/============================ Tstep:    1.8 Ttot:    1.8 ==
...load_amber_coords/dl-find/==================== Tstep:    1.9 Ttot:    3.7 ==
...dl-find/copy_object/========================== Tstep:    0.0 Ttot:    3.7 ==
...dl-find/get_number_of_atoms/================== Tstep:    0.1 Ttot:    3.8 ==
...dl-find/set_matrix_size/====================== Tstep:    0.0 Ttot:    3.8 ==
...dl-find/set_matrix_size/====================== Tstep:    0.0 Ttot:    3.8 ==
...dl-find/none.init/============================ Tstep:    0.0 Ttot:    3.8 ==
...get_number_of_atoms/========================== Tstep:    0.0 Ttot:    3.8 ==
...get_number_of_shells/========================= Tstep:    0.0 Ttot:    3.8 ==

***********************************************************************
**                                                                   **
**                       ---------------------                       **
**                              DL-FIND                              **
**                       Geometry Optimisation                       **
**                       ---------------------                       **
**                                                                   **
**                 J. Kaestner, J.M. Carr, T.W. Keal,                **
**                W. Thiel, A. Wander and P. Sherwood                **
**                                                                   **
**              J. Phys. Chem. A, 2009, 113 (43), 11856.             **
**                                                                   **
**   Please include this reference in published work using DL-FIND.  **
**                                                                   **
**               Copyright:  STFC Daresbury Laboratory               **
**                           Revision: Unversioned directory         **
**                                                                   **
***********************************************************************

 Calculating the reaction rate based on harmonic transition state theory
 Number of zero modes in RS and TS:    0    0
                     Reactant        TS
 Number of atoms         8587      8587
 Degrees of freedom        81        81
                                      Hartree           kJ/mol            eV                K
Potential energy Barrier             0.02917065       76.58752466        0.79377369     9211.35104147
ZPE Correction                      -0.00671615      -17.63325024       -0.18275575    -2120.79002045
Vibrational adiabatic barrier        0.02245450       58.95427441        0.61101795     7090.56102103
Rotational contr. at start T         0.00000000        0.00000000        0.00000000        0.00000000
Crossover Temperature              304.99255103 K
 log_10 of rates in second^-1
Change of log(rate) by the rotational partition function        0.00000000
       1000/T           rate classical       quantised vib.      simpl. Wigner       Eckart
      3.333333333333      0.261673258517      2.612017418553      3.043403553282      3.571859018500

Timing report
=============
Module                                      CPU time            Wall clock time
Total .................................     0.037 (100.00%)     0.050 (100.00%) seconds
Energy and Gradient ...................     0.000 (  0.00%)     0.000 (  0.00%) seconds
Step direction ........................     0.000 (  0.00%)     0.000 (  0.00%) seconds
Coordinate transformation .............     0.000 (  0.00%)     0.000 (  0.00%) seconds
Checkpoint file I/O ...................     0.000 (  0.00%)     0.000 (  0.00%) seconds
XYZ-file I/O ..........................     0.000 (  0.00%)     0.000 (  0.00%) seconds
exit 0
ChemShell exiting code 0
