Initialising Tcl ChemShell 3.7.0 on linux
load_amber_coords/=============================== Tstep:    0.0 Ttot:    0.0 ==
...load_amber_coords/============================ Tstep:    1.7 Ttot:    1.7 ==
...load_amber_coords/dl-find/==================== Tstep:    1.9 Ttot:    3.6 ==
...dl-find/copy_object/========================== Tstep:    0.0 Ttot:    3.6 ==
...dl-find/get_number_of_atoms/================== Tstep:    0.0 Ttot:    3.6 ==
...dl-find/set_matrix_size/====================== Tstep:    0.0 Ttot:    3.7 ==
...dl-find/set_matrix_size/====================== Tstep:    0.0 Ttot:    3.7 ==
...dl-find/none.init/============================ Tstep:    0.0 Ttot:    3.7 ==
...get_number_of_atoms/========================== Tstep:    0.0 Ttot:    3.7 ==
...get_number_of_shells/========================= Tstep:    0.0 Ttot:    3.7 ==

***********************************************************************
**                                                                   **
**                       ---------------------                       **
**                              DL-FIND                              **
**                       Geometry Optimisation                       **
**                       ---------------------                       **
**                                                                   **
**                 J. Kaestner, J.M. Carr, T.W. Keal,                **
**                W. Thiel, A. Wander and P. Sherwood                **
**                                                                   **
**              J. Phys. Chem. A, 2009, 113 (43), 11856.             **
**                                                                   **
**   Please include this reference in published work using DL-FIND.  **
**                                                                   **
**               Copyright:  STFC Daresbury Laboratory               **
**                           Revision: Unversioned directory         **
**                                                                   **
***********************************************************************

 Calculating the reaction rate based on harmonic transition state theory
 Number of zero modes in RS and TS:    0    0
                     Reactant        TS
 Number of atoms         9021      9021
 Degrees of freedom        81        81
                                      Hartree           kJ/mol            eV                K
Potential energy Barrier             0.00416019       10.92257086        0.11320446     1313.68176369
ZPE Correction                      -0.00425310      -11.16650444       -0.11573265    -1343.02019526
Vibrational adiabatic barrier       -0.00009291       -0.24393358       -0.00252819      -29.33843159
Rotational contr. at start T         0.00000000        0.00000000        0.00000000        0.00000000
Crossover Temperature              298.48696926 K
 log_10 of rates in second^-1
Change of log(rate) by the rotational partition function        0.00000000
       1000/T           rate classical       quantised vib.      simpl. Wigner       Eckart
      3.333333333333     11.449725671167     12.635481687680     13.055170447802                 NaN
 
 #       1000/T           full wigner
      3.333333333333     14.930577483220

Timing report
=============
Module                                      CPU time            Wall clock time
Total .................................     0.030 (100.00%)     0.036 (100.00%) seconds
Energy and Gradient ...................     0.000 (  0.00%)     0.000 (  0.00%) seconds
Step direction ........................     0.000 (  0.00%)     0.000 (  0.00%) seconds
Coordinate transformation .............     0.000 (  0.00%)     0.000 (  0.00%) seconds
Checkpoint file I/O ...................     0.000 (  0.00%)     0.000 (  0.00%) seconds
XYZ-file I/O ..........................     0.000 (  0.00%)     0.000 (  0.00%) seconds
exit 0
ChemShell exiting code 0
