Initialising Tcl ChemShell 3.7.0 on 2 linux nodes
load_amber_coords/=============================== Tstep:    0.1 Ttot:    0.1 ==
...load_amber_coords/============================ Tstep:    1.8 Ttot:    1.9 ==
...load_amber_coords/dl-find/==================== Tstep:    1.8 Ttot:    3.6 ==
...dl-find/copy_object/========================== Tstep:    0.0 Ttot:    3.7 ==
...dl-find/get_number_of_atoms/================== Tstep:    0.2 Ttot:    3.8 ==
...dl-find/set_matrix_size/====================== Tstep:    0.1 Ttot:    3.9 ==
...dl-find/set_matrix_size/====================== Tstep:    0.0 Ttot:    3.9 ==
...dl-find/none.init/============================ Tstep:    0.0 Ttot:    3.9 ==
...get_number_of_atoms/========================== Tstep:    0.0 Ttot:    3.9 ==
...get_number_of_shells/========================= Tstep:    0.0 Ttot:    3.9 ==

***********************************************************************
**                                                                   **
**                       ---------------------                       **
**                              DL-FIND                              **
**                       Geometry Optimisation                       **
**                       ---------------------                       **
**                                                                   **
**                 J. Kaestner, J.M. Carr, T.W. Keal,                **
**                W. Thiel, A. Wander and P. Sherwood                **
**                                                                   **
**              J. Phys. Chem. A, 2009, 113 (43), 11856.             **
**                                                                   **
**   Please include this reference in published work using DL-FIND.  **
**                                                                   **
**               Copyright:  STFC Daresbury Laboratory               **
**                           Revision: Unversioned directory         **
**                                                                   **
***********************************************************************

 Calculating the reaction rate based on harmonic transition state theory
 Number of zero modes in RS and TS:    0    0
                     Reactant        TS
 Number of atoms         9331      9331
 Degrees of freedom        81        81
                                      Hartree           kJ/mol            eV                K
Potential energy Barrier             0.02422011       63.58990074        0.65906283     7648.09805566
ZPE Correction                      -0.00578920      -15.19955414       -0.15753227    -1828.08400601
Vibrational adiabatic barrier        0.01843091       48.39034660        0.50153056     5820.01404966
Rotational contr. at start T         0.00000000        0.00000000        0.00000000        0.00000000
Crossover Temperature              246.25860593 K
 log_10 of rates in second^-1
Change of log(rate) by the rotational partition function        0.00000000
       1000/T           rate classical       quantised vib.      simpl. Wigner       Eckart
      3.333333333333      2.083797923546      4.000494582817      4.324443543308      4.570682239675
 
 #       1000/T           full wigner
      3.333333333333      4.684749020113

Timing report
=============
Module                                      CPU time            Wall clock time
Total .................................     0.044 (100.00%)     0.419 (100.00%) seconds
Energy and Gradient ...................     0.000 (  0.00%)     0.000 (  0.00%) seconds
Step direction ........................     0.000 (  0.00%)     0.000 (  0.00%) seconds
Coordinate transformation .............     0.000 (  0.00%)     0.000 (  0.00%) seconds
Checkpoint file I/O ...................     0.000 (  0.00%)     0.000 (  0.00%) seconds
XYZ-file I/O ..........................     0.000 (  0.00%)     0.000 (  0.00%) seconds
exit 0
ChemShell exiting code 0
