Initialising Tcl ChemShell 3.7.0 on 2 linux nodes
load_amber_coords/=============================== Tstep:    0.0 Ttot:    0.0 ==
...load_amber_coords/============================ Tstep:    1.5 Ttot:    1.5 ==
...load_amber_coords/dl-find/==================== Tstep:    1.6 Ttot:    3.2 ==
...dl-find/copy_object/========================== Tstep:    0.0 Ttot:    3.2 ==
...dl-find/get_number_of_atoms/================== Tstep:    0.0 Ttot:    3.2 ==
...dl-find/set_matrix_size/====================== Tstep:    0.0 Ttot:    3.3 ==
...dl-find/set_matrix_size/====================== Tstep:    0.0 Ttot:    3.3 ==
...dl-find/none.init/============================ Tstep:    0.0 Ttot:    3.3 ==
...get_number_of_atoms/========================== Tstep:    0.0 Ttot:    3.3 ==
...get_number_of_shells/========================= Tstep:    0.0 Ttot:    3.3 ==

***********************************************************************
**                                                                   **
**                       ---------------------                       **
**                              DL-FIND                              **
**                       Geometry Optimisation                       **
**                       ---------------------                       **
**                                                                   **
**                 J. Kaestner, J.M. Carr, T.W. Keal,                **
**                W. Thiel, A. Wander and P. Sherwood                **
**                                                                   **
**              J. Phys. Chem. A, 2009, 113 (43), 11856.             **
**                                                                   **
**   Please include this reference in published work using DL-FIND.  **
**                                                                   **
**               Copyright:  STFC Daresbury Laboratory               **
**                           Revision: Unversioned directory         **
**                                                                   **
***********************************************************************

 Calculating the reaction rate based on harmonic transition state theory
 Number of zero modes in RS and TS:    0    0
                     Reactant        TS
 Number of atoms         9109      9109
 Degrees of freedom        81        81
                                      Hartree           kJ/mol            eV                K
Potential energy Barrier             0.02483357       65.20052393        0.67575576     7841.81127069
ZPE Correction                      -0.00602788      -15.82620241       -0.16402702    -1903.45237981
Vibrational adiabatic barrier        0.01880569       49.37432152        0.51172874     5938.35889089
Rotational contr. at start T         0.00000000        0.00000000        0.00000000        0.00000000
Crossover Temperature              178.53122172 K
 log_10 of rates in second^-1
Change of log(rate) by the rotational partition function        0.00000000
       1000/T           rate classical       quantised vib.      simpl. Wigner       Eckart
      3.333333333333      1.887279338632      3.924689763435      4.124047620719      4.208630543049
 
 #       1000/T           full wigner
      3.333333333333      4.216112414570

Timing report
=============
Module                                      CPU time            Wall clock time
Total .................................     0.027 (100.00%)     0.029 (100.00%) seconds
Energy and Gradient ...................     0.000 (  0.00%)     0.000 (  0.00%) seconds
Step direction ........................     0.000 (  0.00%)     0.000 (  0.00%) seconds
Coordinate transformation .............     0.000 (  0.00%)     0.000 (  0.00%) seconds
Checkpoint file I/O ...................     0.000 (  0.00%)     0.000 (  0.00%) seconds
XYZ-file I/O ..........................     0.000 (  0.00%)     0.000 (  0.00%) seconds
exit 0
ChemShell exiting code 0
