Initialising Tcl ChemShell 3.7.0 on linux
load_amber_coords/=============================== Tstep:    0.3 Ttot:    0.3 ==
...load_amber_coords/============================ Tstep:    1.2 Ttot:    1.5 ==
...load_amber_coords/dl-find/==================== Tstep:    1.3 Ttot:    2.9 ==
...dl-find/copy_object/========================== Tstep:    0.0 Ttot:    2.9 ==
...dl-find/get_number_of_atoms/================== Tstep:    0.0 Ttot:    2.9 ==
...dl-find/set_matrix_size/====================== Tstep:    0.0 Ttot:    3.0 ==
...dl-find/set_matrix_size/====================== Tstep:    0.0 Ttot:    3.0 ==
...dl-find/none.init/============================ Tstep:    0.0 Ttot:    3.0 ==
...get_number_of_atoms/========================== Tstep:    0.0 Ttot:    3.0 ==
...get_number_of_shells/========================= Tstep:    0.0 Ttot:    3.0 ==

***********************************************************************
**                                                                   **
**                       ---------------------                       **
**                              DL-FIND                              **
**                       Geometry Optimisation                       **
**                       ---------------------                       **
**                                                                   **
**                 J. Kaestner, J.M. Carr, T.W. Keal,                **
**                W. Thiel, A. Wander and P. Sherwood                **
**                                                                   **
**              J. Phys. Chem. A, 2009, 113 (43), 11856.             **
**                                                                   **
**   Please include this reference in published work using DL-FIND.  **
**                                                                   **
**               Copyright:  STFC Daresbury Laboratory               **
**                           Revision: exported                      **
**                                                                   **
***********************************************************************

 Calculating the reaction rate based on harmonic transition state theory
 Number of zero modes in RS and TS:    0    0
                     Reactant        TS
 Number of atoms         9038      9038
 Degrees of freedom        81        81
                                      Hartree           kJ/mol            eV                K
Potential energy Barrier             0.02164459       56.82787153        0.58897934     6834.81384175
ZPE Correction                      -0.00593460      -15.58129403       -0.16148872    -1873.99670701
Vibrational adiabatic barrier        0.01570999       41.24657750        0.42749062     4960.81713472
Rotational contr. at start T         0.00000000        0.00000000        0.00000000        0.00000000
Crossover Temperature              152.18803402 K
 log_10 of rates in second^-1
Change of log(rate) by the rotational partition function        0.00000000
       1000/T           rate classical       quantised vib.      simpl. Wigner       Eckart
      3.333333333333      3.322403460038      5.338426786829      5.491728806921      5.541171700873
 
 #       1000/T           full wigner
      3.333333333333      5.540949925485

Timing report
=============
Module                                      CPU time            Wall clock time
Total .................................     0.028 (100.00%)     0.224 (100.00%) seconds
Energy and Gradient ...................     0.000 (  0.00%)     0.000 (  0.00%) seconds
Step direction ........................     0.000 (  0.00%)     0.000 (  0.00%) seconds
Coordinate transformation .............     0.000 (  0.00%)     0.000 (  0.00%) seconds
Checkpoint file I/O ...................     0.000 (  0.00%)     0.000 (  0.00%) seconds
XYZ-file I/O ..........................     0.000 (  0.00%)     0.000 (  0.00%) seconds
exit 0
ChemShell exiting code 0
Application 38620339 resources: utime ~3s, stime ~1s, Rss ~67112, inblocks ~60454, outblocks ~160885
