Initialising Tcl ChemShell 3.7.0 on 2 linux nodes
load_amber_coords/=============================== Tstep:    0.0 Ttot:    0.0 ==
...load_amber_coords/============================ Tstep:    1.6 Ttot:    1.7 ==
...load_amber_coords/dl-find/==================== Tstep:    1.7 Ttot:    3.4 ==
...dl-find/copy_object/========================== Tstep:    0.0 Ttot:    3.4 ==
...dl-find/get_number_of_atoms/================== Tstep:    0.1 Ttot:    3.4 ==
...dl-find/set_matrix_size/====================== Tstep:    0.1 Ttot:    3.5 ==
...dl-find/set_matrix_size/====================== Tstep:    0.0 Ttot:    3.5 ==
...dl-find/none.init/============================ Tstep:    0.0 Ttot:    3.5 ==
...get_number_of_atoms/========================== Tstep:    0.0 Ttot:    3.5 ==
...get_number_of_shells/========================= Tstep:    0.0 Ttot:    3.5 ==

***********************************************************************
**                                                                   **
**                       ---------------------                       **
**                              DL-FIND                              **
**                       Geometry Optimisation                       **
**                       ---------------------                       **
**                                                                   **
**                 J. Kaestner, J.M. Carr, T.W. Keal,                **
**                W. Thiel, A. Wander and P. Sherwood                **
**                                                                   **
**              J. Phys. Chem. A, 2009, 113 (43), 11856.             **
**                                                                   **
**   Please include this reference in published work using DL-FIND.  **
**                                                                   **
**               Copyright:  STFC Daresbury Laboratory               **
**                           Revision: Unversioned directory         **
**                                                                   **
***********************************************************************

 Calculating the reaction rate based on harmonic transition state theory
 Number of zero modes in RS and TS:    0    0
                     Reactant        TS
 Number of atoms         9331      9331
 Degrees of freedom        81        81
                                      Hartree           kJ/mol            eV                K
Potential energy Barrier             0.00625254       16.41604467        0.17014030     1974.39401363
ZPE Correction                      -0.00381729      -10.02228116       -0.10387362    -1205.40192992
Vibrational adiabatic barrier        0.00243526        6.39376351        0.06626668      768.99208371
Rotational contr. at start T         0.00000000        0.00000000        0.00000000        0.00000000
Crossover Temperature              246.25860593 K
 log_10 of rates in second^-1
Change of log(rate) by the rotational partition function        0.00000000
       1000/T           rate classical       quantised vib.      simpl. Wigner       Eckart
      3.333333333333     10.512596368564     11.484735189150     11.808684149641     11.916419636716
 
 #       1000/T           full wigner
      3.333333333333     12.168989626446

Timing report
=============
Module                                      CPU time            Wall clock time
Total .................................     0.040 (100.00%)     0.135 (100.00%) seconds
Energy and Gradient ...................     0.000 (  0.00%)     0.000 (  0.00%) seconds
Step direction ........................     0.000 (  0.00%)     0.000 (  0.00%) seconds
Coordinate transformation .............     0.000 (  0.00%)     0.000 (  0.00%) seconds
Checkpoint file I/O ...................     0.000 (  0.00%)     0.000 (  0.00%) seconds
XYZ-file I/O ..........................     0.000 (  0.00%)     0.000 (  0.00%) seconds
exit 0
ChemShell exiting code 0
