Initialising Tcl ChemShell 3.7.0 on linux
load_amber_coords/=============================== Tstep:    0.2 Ttot:    0.2 ==
...load_amber_coords/============================ Tstep:    1.3 Ttot:    1.5 ==
...load_amber_coords/dl-find/==================== Tstep:    1.2 Ttot:    2.7 ==
...dl-find/copy_object/========================== Tstep:    0.0 Ttot:    2.7 ==
...dl-find/get_number_of_atoms/================== Tstep:    0.0 Ttot:    2.8 ==
...dl-find/set_matrix_size/====================== Tstep:    0.0 Ttot:    2.8 ==
...dl-find/set_matrix_size/====================== Tstep:    0.0 Ttot:    2.8 ==
...dl-find/none.init/============================ Tstep:    0.0 Ttot:    2.8 ==
...get_number_of_atoms/========================== Tstep:    0.0 Ttot:    2.8 ==
...get_number_of_shells/========================= Tstep:    0.0 Ttot:    2.8 ==

***********************************************************************
**                                                                   **
**                       ---------------------                       **
**                              DL-FIND                              **
**                       Geometry Optimisation                       **
**                       ---------------------                       **
**                                                                   **
**                 J. Kaestner, J.M. Carr, T.W. Keal,                **
**                W. Thiel, A. Wander and P. Sherwood                **
**                                                                   **
**              J. Phys. Chem. A, 2009, 113 (43), 11856.             **
**                                                                   **
**   Please include this reference in published work using DL-FIND.  **
**                                                                   **
**               Copyright:  STFC Daresbury Laboratory               **
**                           Revision: exported                      **
**                                                                   **
***********************************************************************

 Calculating the reaction rate based on harmonic transition state theory
 Number of zero modes in RS and TS:    0    0
                     Reactant        TS
 Number of atoms         9179      9179
 Degrees of freedom        81        81
                                      Hartree           kJ/mol            eV                K
Potential energy Barrier             0.02215105       58.15756831        0.60276067     6994.73941538
ZPE Correction                      -0.00624053      -16.38450978       -0.16981346    -1970.60124244
Vibrational adiabatic barrier        0.01591052       41.77305853        0.43294721     5024.13817294
Rotational contr. at start T         0.00000000        0.00000000        0.00000000        0.00000000
Crossover Temperature              203.84319360 K
 log_10 of rates in second^-1
Change of log(rate) by the rotational partition function        0.00000000
       1000/T           rate classical       quantised vib.      simpl. Wigner       Eckart
      3.333333333333      3.424474696414      5.473112869636      5.718489466281      5.847531758010
 
 #       1000/T           full wigner
      3.333333333333      5.875474795278

Timing report
=============
Module                                      CPU time            Wall clock time
Total .................................     0.028 (100.00%)     0.204 (100.00%) seconds
Energy and Gradient ...................     0.000 (  0.00%)     0.000 (  0.00%) seconds
Step direction ........................     0.000 (  0.00%)     0.000 (  0.00%) seconds
Coordinate transformation .............     0.000 (  0.00%)     0.000 (  0.00%) seconds
Checkpoint file I/O ...................     0.000 (  0.00%)     0.000 (  0.00%) seconds
XYZ-file I/O ..........................     0.000 (  0.00%)     0.000 (  0.00%) seconds
exit 0
ChemShell exiting code 0
Application 38615424 resources: utime ~3s, stime ~1s, Rss ~67580, inblocks ~60634, outblocks ~161018
