Initialising Tcl ChemShell 3.7.0 on 2 linux nodes
load_amber_coords/=============================== Tstep:    0.0 Ttot:    0.0 ==
...load_amber_coords/============================ Tstep:    1.6 Ttot:    1.7 ==
...load_amber_coords/dl-find/==================== Tstep:    1.7 Ttot:    3.4 ==
...dl-find/copy_object/========================== Tstep:    0.0 Ttot:    3.4 ==
...dl-find/get_number_of_atoms/================== Tstep:    0.0 Ttot:    3.4 ==
...dl-find/set_matrix_size/====================== Tstep:    0.0 Ttot:    3.5 ==
...dl-find/set_matrix_size/====================== Tstep:    0.0 Ttot:    3.5 ==
...dl-find/none.init/============================ Tstep:    0.0 Ttot:    3.5 ==
...get_number_of_atoms/========================== Tstep:    0.0 Ttot:    3.5 ==
...get_number_of_shells/========================= Tstep:    0.0 Ttot:    3.5 ==

***********************************************************************
**                                                                   **
**                       ---------------------                       **
**                              DL-FIND                              **
**                       Geometry Optimisation                       **
**                       ---------------------                       **
**                                                                   **
**                 J. Kaestner, J.M. Carr, T.W. Keal,                **
**                W. Thiel, A. Wander and P. Sherwood                **
**                                                                   **
**              J. Phys. Chem. A, 2009, 113 (43), 11856.             **
**                                                                   **
**   Please include this reference in published work using DL-FIND.  **
**                                                                   **
**               Copyright:  STFC Daresbury Laboratory               **
**                           Revision: Unversioned directory         **
**                                                                   **
***********************************************************************

 Calculating the reaction rate based on harmonic transition state theory
 Number of zero modes in RS and TS:    0    0
                     Reactant        TS
 Number of atoms         9379      9379
 Degrees of freedom        81        81
                                      Hartree           kJ/mol            eV                K
Potential energy Barrier             0.00488123       12.81566329        0.13282498     1541.36817901
ZPE Correction                      -0.00517672      -13.59148312       -0.14086578    -1634.67774578
Vibrational adiabatic barrier       -0.00029549       -0.77581982       -0.00804081      -93.30956678
Rotational contr. at start T         0.00000000        0.00000000        0.00000000        0.00000000
Crossover Temperature              160.88790347 K
 log_10 of rates in second^-1
Change of log(rate) by the rotational partition function        0.00000000
       1000/T           rate classical       quantised vib.      simpl. Wigner       Eckart
      3.333333333333     10.800342346557     12.452756858494     12.620989030965                 NaN
 
 #       1000/T           full wigner
      3.333333333333     12.682137936354

Timing report
=============
Module                                      CPU time            Wall clock time
Total .................................     0.037 (100.00%)     0.389 (100.00%) seconds
Energy and Gradient ...................     0.000 (  0.00%)     0.000 (  0.00%) seconds
Step direction ........................     0.000 (  0.00%)     0.000 (  0.00%) seconds
Coordinate transformation .............     0.000 (  0.00%)     0.000 (  0.00%) seconds
Checkpoint file I/O ...................     0.000 (  0.00%)     0.000 (  0.00%) seconds
XYZ-file I/O ..........................     0.000 (  0.00%)     0.000 (  0.00%) seconds
exit 0
ChemShell exiting code 0
