Initialising Tcl ChemShell 3.7.0 on 2 linux nodes
load_amber_coords/=============================== Tstep:    0.0 Ttot:    0.0 ==
...load_amber_coords/============================ Tstep:    1.2 Ttot:    1.2 ==
...load_amber_coords/dl-find/==================== Tstep:    1.4 Ttot:    2.6 ==
...dl-find/copy_object/========================== Tstep:    0.0 Ttot:    2.6 ==
...dl-find/get_number_of_atoms/================== Tstep:    0.1 Ttot:    2.7 ==
...dl-find/set_matrix_size/====================== Tstep:    0.0 Ttot:    2.7 ==
...dl-find/set_matrix_size/====================== Tstep:    0.0 Ttot:    2.7 ==
...dl-find/none.init/============================ Tstep:    0.0 Ttot:    2.7 ==
...get_number_of_atoms/========================== Tstep:    0.0 Ttot:    2.7 ==
...get_number_of_shells/========================= Tstep:    0.0 Ttot:    2.7 ==

***********************************************************************
**                                                                   **
**                       ---------------------                       **
**                              DL-FIND                              **
**                       Geometry Optimisation                       **
**                       ---------------------                       **
**                                                                   **
**                 J. Kaestner, J.M. Carr, T.W. Keal,                **
**                W. Thiel, A. Wander and P. Sherwood                **
**                                                                   **
**              J. Phys. Chem. A, 2009, 113 (43), 11856.             **
**                                                                   **
**   Please include this reference in published work using DL-FIND.  **
**                                                                   **
**               Copyright:  STFC Daresbury Laboratory               **
**                           Revision: Unversioned directory         **
**                                                                   **
***********************************************************************

 Calculating the reaction rate based on harmonic transition state theory
 Number of zero modes in RS and TS:    0    0
                     Reactant        TS
 Number of atoms         9088      9088
 Degrees of freedom        81        81
                                      Hartree           kJ/mol            eV                K
Potential energy Barrier             0.00273072        7.16949281        0.07430655      862.29076284
ZPE Correction                      -0.00458082      -12.02693202       -0.12465036    -1446.50572424
Vibrational adiabatic barrier       -0.00185010       -4.85743921       -0.05034381     -584.21496141
Rotational contr. at start T         0.00000000        0.00000000        0.00000000        0.00000000
Crossover Temperature              189.50574415 K
 log_10 of rates in second^-1
Change of log(rate) by the rotational partition function        0.00000000
       1000/T           rate classical       quantised vib.      simpl. Wigner       Eckart
      3.333333333333     11.816568700982     13.214829546506     13.433987702804                 NaN
 
 #       1000/T           full wigner
      3.333333333333     13.550756538780

Timing report
=============
Module                                      CPU time            Wall clock time
Total .................................     0.030 (100.00%)     0.124 (100.00%) seconds
Energy and Gradient ...................     0.000 (  0.00%)     0.000 (  0.00%) seconds
Step direction ........................     0.000 (  0.00%)     0.000 (  0.00%) seconds
Coordinate transformation .............     0.000 (  0.00%)     0.000 (  0.00%) seconds
Checkpoint file I/O ...................     0.000 (  0.00%)     0.000 (  0.00%) seconds
XYZ-file I/O ..........................     0.000 (  0.00%)     0.000 (  0.00%) seconds
exit 0
ChemShell exiting code 0
