Initialising Tcl ChemShell 3.7.0 on 2 linux nodes
load_amber_coords/=============================== Tstep:    0.0 Ttot:    0.0 ==
...load_amber_coords/============================ Tstep:    1.7 Ttot:    1.7 ==
...load_amber_coords/dl-find/==================== Tstep:    1.8 Ttot:    3.6 ==
...dl-find/copy_object/========================== Tstep:    0.0 Ttot:    3.6 ==
...dl-find/get_number_of_atoms/================== Tstep:    0.1 Ttot:    3.6 ==
...dl-find/set_matrix_size/====================== Tstep:    0.0 Ttot:    3.7 ==
...dl-find/set_matrix_size/====================== Tstep:    0.0 Ttot:    3.7 ==
...dl-find/none.init/============================ Tstep:    0.0 Ttot:    3.7 ==
...get_number_of_atoms/========================== Tstep:    0.0 Ttot:    3.7 ==
...get_number_of_shells/========================= Tstep:    0.0 Ttot:    3.7 ==

***********************************************************************
**                                                                   **
**                       ---------------------                       **
**                              DL-FIND                              **
**                       Geometry Optimisation                       **
**                       ---------------------                       **
**                                                                   **
**                 J. Kaestner, J.M. Carr, T.W. Keal,                **
**                W. Thiel, A. Wander and P. Sherwood                **
**                                                                   **
**              J. Phys. Chem. A, 2009, 113 (43), 11856.             **
**                                                                   **
**   Please include this reference in published work using DL-FIND.  **
**                                                                   **
**               Copyright:  STFC Daresbury Laboratory               **
**                           Revision: Unversioned directory         **
**                                                                   **
***********************************************************************

 Calculating the reaction rate based on harmonic transition state theory
 Number of zero modes in RS and TS:    0    0
                     Reactant        TS
 Number of atoms         8587      8587
 Degrees of freedom        81        81
                                      Hartree           kJ/mol            eV                K
Potential energy Barrier             0.00644479       16.92079373        0.17537166     2035.10129881
ZPE Correction                      -0.00512424      -13.45367985       -0.13943755    -1618.10384165
Vibrational adiabatic barrier        0.00132055        3.46711388        0.03593410      416.99745717
Rotational contr. at start T         0.00000000        0.00000000        0.00000000        0.00000000
Crossover Temperature              216.61231336 K
 log_10 of rates in second^-1
Change of log(rate) by the rotational partition function        0.00000000
       1000/T           rate classical       quantised vib.      simpl. Wigner       Eckart
      3.333333333333     10.310853879532     11.920010179690     12.188956608597     12.243089379533
 
 #       1000/T           full wigner
      3.333333333333     12.391260670621

Timing report
=============
Module                                      CPU time            Wall clock time
Total .................................     0.040 (100.00%)     0.121 (100.00%) seconds
Energy and Gradient ...................     0.000 (  0.00%)     0.000 (  0.00%) seconds
Step direction ........................     0.000 (  0.00%)     0.000 (  0.00%) seconds
Coordinate transformation .............     0.000 (  0.00%)     0.000 (  0.00%) seconds
Checkpoint file I/O ...................     0.000 (  0.00%)     0.000 (  0.00%) seconds
XYZ-file I/O ..........................     0.000 (  0.00%)     0.000 (  0.00%) seconds
exit 0
ChemShell exiting code 0
