Initialising Tcl ChemShell 3.7.0 on 2 linux nodes
load_amber_coords/=============================== Tstep:    0.3 Ttot:    0.3 ==
...load_amber_coords/============================ Tstep:    1.7 Ttot:    2.0 ==
...load_amber_coords/dl-find/==================== Tstep:    2.6 Ttot:    4.6 ==
...dl-find/copy_object/========================== Tstep:    0.0 Ttot:    4.6 ==
...dl-find/get_number_of_atoms/================== Tstep:    0.0 Ttot:    4.6 ==
...dl-find/set_matrix_size/====================== Tstep:    0.0 Ttot:    4.7 ==
...dl-find/set_matrix_size/====================== Tstep:    0.0 Ttot:    4.7 ==
...dl-find/none.init/============================ Tstep:    0.0 Ttot:    4.7 ==
...get_number_of_atoms/========================== Tstep:    0.0 Ttot:    4.7 ==
...get_number_of_shells/========================= Tstep:    0.0 Ttot:    4.7 ==

***********************************************************************
**                                                                   **
**                       ---------------------                       **
**                              DL-FIND                              **
**                       Geometry Optimisation                       **
**                       ---------------------                       **
**                                                                   **
**                 J. Kaestner, J.M. Carr, T.W. Keal,                **
**                W. Thiel, A. Wander and P. Sherwood                **
**                                                                   **
**              J. Phys. Chem. A, 2009, 113 (43), 11856.             **
**                                                                   **
**   Please include this reference in published work using DL-FIND.  **
**                                                                   **
**               Copyright:  STFC Daresbury Laboratory               **
**                           Revision: Unversioned directory         **
**                                                                   **
***********************************************************************

 Calculating the reaction rate based on harmonic transition state theory
 Number of zero modes in RS and TS:    0    0
                     Reactant        TS
 Number of atoms         9021      9021
 Degrees of freedom        81        81
                                      Hartree           kJ/mol            eV                K
Potential energy Barrier             0.00366428        9.62055477        0.09971002     1157.08540750
ZPE Correction                      -0.00308697       -8.10483681       -0.08400071     -974.78665506
Vibrational adiabatic barrier        0.00057731        1.51571796        0.01570931      182.29875245
Rotational contr. at start T         0.00000000        0.00000000        0.00000000        0.00000000
Crossover Temperature              185.86055364 K
 log_10 of rates in second^-1
Change of log(rate) by the rotational partition function        0.00000000
       1000/T           rate classical       quantised vib.      simpl. Wigner       Eckart
      3.333333333333     11.730564909539     12.469596978561     12.682148094183                 NaN
 
 #       1000/T           full wigner
      3.333333333333     12.790183705811

Timing report
=============
Module                                      CPU time            Wall clock time
Total .................................     0.037 (100.00%)     0.128 (100.00%) seconds
Energy and Gradient ...................     0.000 (  0.00%)     0.000 (  0.00%) seconds
Step direction ........................     0.000 (  0.00%)     0.000 (  0.00%) seconds
Coordinate transformation .............     0.000 (  0.00%)     0.000 (  0.00%) seconds
Checkpoint file I/O ...................     0.000 (  0.00%)     0.000 (  0.00%) seconds
XYZ-file I/O ..........................     0.000 (  0.00%)     0.000 (  0.00%) seconds
exit 0
ChemShell exiting code 0
