Initialising Tcl ChemShell 3.7.0 on linux
load_amber_coords/=============================== Tstep:    0.1 Ttot:    0.1 ==
...load_amber_coords/============================ Tstep:    1.7 Ttot:    1.8 ==
...load_amber_coords/dl-find/==================== Tstep:    1.2 Ttot:    3.0 ==
...dl-find/copy_object/========================== Tstep:    0.0 Ttot:    3.0 ==
...dl-find/get_number_of_atoms/================== Tstep:    0.0 Ttot:    3.0 ==
...dl-find/set_matrix_size/====================== Tstep:    0.0 Ttot:    3.1 ==
...dl-find/set_matrix_size/====================== Tstep:    0.0 Ttot:    3.1 ==
...dl-find/none.init/============================ Tstep:    0.0 Ttot:    3.1 ==
...get_number_of_atoms/========================== Tstep:    0.0 Ttot:    3.1 ==
...get_number_of_shells/========================= Tstep:    0.0 Ttot:    3.1 ==

***********************************************************************
**                                                                   **
**                       ---------------------                       **
**                              DL-FIND                              **
**                       Geometry Optimisation                       **
**                       ---------------------                       **
**                                                                   **
**                 J. Kaestner, J.M. Carr, T.W. Keal,                **
**                W. Thiel, A. Wander and P. Sherwood                **
**                                                                   **
**              J. Phys. Chem. A, 2009, 113 (43), 11856.             **
**                                                                   **
**   Please include this reference in published work using DL-FIND.  **
**                                                                   **
**               Copyright:  STFC Daresbury Laboratory               **
**                           Revision: exported                      **
**                                                                   **
***********************************************************************

 Calculating the reaction rate based on harmonic transition state theory
 Number of zero modes in RS and TS:    0    0
                     Reactant        TS
 Number of atoms         9303      9303
 Degrees of freedom        81        81
                                      Hartree           kJ/mol            eV                K
Potential energy Barrier             0.02314697       60.77236292        0.62986111     7309.22654798
ZPE Correction                      -0.00663950      -17.43199550       -0.18066989    -2096.58466704
Vibrational adiabatic barrier        0.01650747       43.34036742        0.44919122     5212.64188093
Rotational contr. at start T         0.00000000        0.00000000        0.00000000        0.00000000
Crossover Temperature              245.32662481 K
 log_10 of rates in second^-1
Change of log(rate) by the rotational partition function        0.00000000
       1000/T           rate classical       quantised vib.      simpl. Wigner       Eckart
      3.333333333333      3.002555555130      5.157994649588      5.480215341939      5.716351371606
 
 #       1000/T           full wigner
      3.333333333333      5.833955195187

Timing report
=============
Module                                      CPU time            Wall clock time
Total .................................     0.028 (100.00%)     0.456 (100.00%) seconds
Energy and Gradient ...................     0.000 (  0.00%)     0.000 (  0.00%) seconds
Step direction ........................     0.000 (  0.00%)     0.000 (  0.00%) seconds
Coordinate transformation .............     0.000 (  0.00%)     0.000 (  0.00%) seconds
Checkpoint file I/O ...................     0.000 (  0.00%)     0.000 (  0.00%) seconds
XYZ-file I/O ..........................     0.000 (  0.00%)     0.000 (  0.00%) seconds
exit 0
ChemShell exiting code 0
Application 38615436 resources: utime ~3s, stime ~0s, Rss ~67896, inblocks ~60814, outblocks ~161137
