Initialising Tcl ChemShell 3.7.0 on linux
load_amber_coords/=============================== Tstep:    0.1 Ttot:    0.1 ==
...load_amber_coords/============================ Tstep:    1.9 Ttot:    2.0 ==
...load_amber_coords/dl-find/==================== Tstep:    1.2 Ttot:    3.2 ==
...dl-find/copy_object/========================== Tstep:    0.0 Ttot:    3.2 ==
...dl-find/get_number_of_atoms/================== Tstep:    0.0 Ttot:    3.2 ==
...dl-find/set_matrix_size/====================== Tstep:    0.0 Ttot:    3.3 ==
...dl-find/set_matrix_size/====================== Tstep:    0.0 Ttot:    3.3 ==
...dl-find/none.init/============================ Tstep:    0.0 Ttot:    3.3 ==
...get_number_of_atoms/========================== Tstep:    0.0 Ttot:    3.3 ==
...get_number_of_shells/========================= Tstep:    0.0 Ttot:    3.3 ==

***********************************************************************
**                                                                   **
**                       ---------------------                       **
**                              DL-FIND                              **
**                       Geometry Optimisation                       **
**                       ---------------------                       **
**                                                                   **
**                 J. Kaestner, J.M. Carr, T.W. Keal,                **
**                W. Thiel, A. Wander and P. Sherwood                **
**                                                                   **
**              J. Phys. Chem. A, 2009, 113 (43), 11856.             **
**                                                                   **
**   Please include this reference in published work using DL-FIND.  **
**                                                                   **
**               Copyright:  STFC Daresbury Laboratory               **
**                           Revision: exported                      **
**                                                                   **
***********************************************************************

 Calculating the reaction rate based on harmonic transition state theory
 Number of zero modes in RS and TS:    0    0
                     Reactant        TS
 Number of atoms         9273      9273
 Degrees of freedom        81        81
                                      Hartree           kJ/mol            eV                K
Potential energy Barrier             0.00070190        1.84283209        0.01909961      221.64149232
ZPE Correction                      -0.00272687       -7.15940794       -0.07420203     -861.07783368
Vibrational adiabatic barrier       -0.00202498       -5.31657586       -0.05510242     -639.43634137
Rotational contr. at start T         0.00000000        0.00000000        0.00000000        0.00000000
Crossover Temperature              207.24844756 K
 log_10 of rates in second^-1
Change of log(rate) by the rotational partition function        0.00000000
       1000/T           rate classical       quantised vib.      simpl. Wigner       Eckart
      3.333333333333     12.946106563150     13.580255288028     13.831901820755                 NaN
 
 #       1000/T           full wigner
      3.333333333333     13.999997415512

Timing report
=============
Module                                      CPU time            Wall clock time
Total .................................     0.032 (100.00%)     0.274 (100.00%) seconds
Energy and Gradient ...................     0.000 (  0.00%)     0.000 (  0.00%) seconds
Step direction ........................     0.000 (  0.00%)     0.000 (  0.00%) seconds
Coordinate transformation .............     0.000 (  0.00%)     0.000 (  0.00%) seconds
Checkpoint file I/O ...................     0.000 (  0.00%)     0.000 (  0.00%) seconds
XYZ-file I/O ..........................     0.000 (  0.00%)     0.000 (  0.00%) seconds
exit 0
ChemShell exiting code 0
Application 38615508 resources: utime ~3s, stime ~0s, Rss ~67804, inblocks ~60771, outblocks ~161110
