Initialising Tcl ChemShell 3.7.0 on linux
load_amber_coords/=============================== Tstep:    0.0 Ttot:    0.0 ==
...load_amber_coords/============================ Tstep:    1.1 Ttot:    1.1 ==
...load_amber_coords/dl-find/==================== Tstep:    1.0 Ttot:    2.2 ==
...dl-find/copy_object/========================== Tstep:    0.0 Ttot:    2.2 ==
...dl-find/get_number_of_atoms/================== Tstep:    0.0 Ttot:    2.2 ==
...dl-find/set_matrix_size/====================== Tstep:    0.0 Ttot:    2.2 ==
...dl-find/set_matrix_size/====================== Tstep:    0.0 Ttot:    2.2 ==
...dl-find/none.init/============================ Tstep:    0.0 Ttot:    2.3 ==
...get_number_of_atoms/========================== Tstep:    0.0 Ttot:    2.3 ==
...get_number_of_shells/========================= Tstep:    0.0 Ttot:    2.3 ==

***********************************************************************
**                                                                   **
**                       ---------------------                       **
**                              DL-FIND                              **
**                       Geometry Optimisation                       **
**                       ---------------------                       **
**                                                                   **
**                 J. Kaestner, J.M. Carr, T.W. Keal,                **
**                W. Thiel, A. Wander and P. Sherwood                **
**                                                                   **
**              J. Phys. Chem. A, 2009, 113 (43), 11856.             **
**                                                                   **
**   Please include this reference in published work using DL-FIND.  **
**                                                                   **
**               Copyright:  STFC Daresbury Laboratory               **
**                           Revision: exported                      **
**                                                                   **
***********************************************************************

 Calculating the reaction rate based on harmonic transition state theory
 Number of zero modes in RS and TS:    0    0
                     Reactant        TS
 Number of atoms         8387      8387
 Degrees of freedom        81        81
                                      Hartree           kJ/mol            eV                K
Potential energy Barrier             0.00978155       25.68146095        0.26616957     3088.76612891
ZPE Correction                      -0.00604553      -15.87252545       -0.16450712    -1909.02375369
Vibrational adiabatic barrier        0.00373603        9.80893550        0.10166244     1179.74237524
Rotational contr. at start T         0.00000000        0.00000000        0.00000000        0.00000000
Crossover Temperature              178.69502768 K
 log_10 of rates in second^-1
Change of log(rate) by the rotational partition function        0.00000000
       1000/T           rate classical       quantised vib.      simpl. Wigner       Eckart
      3.333333333333      8.556890263164     10.593506312066     10.793157568448     10.869885111664
 
 #       1000/T           full wigner
      3.333333333333     10.885557405530

Timing report
=============
Module                                      CPU time            Wall clock time
Total .................................     0.032 (100.00%)     0.196 (100.00%) seconds
Energy and Gradient ...................     0.000 (  0.00%)     0.000 (  0.00%) seconds
Step direction ........................     0.000 (  0.00%)     0.000 (  0.00%) seconds
Coordinate transformation .............     0.000 (  0.00%)     0.000 (  0.00%) seconds
Checkpoint file I/O ...................     0.000 (  0.00%)     0.000 (  0.00%) seconds
XYZ-file I/O ..........................     0.000 (  0.00%)     0.000 (  0.00%) seconds
exit 0
ChemShell exiting code 0
Application 38620345 resources: utime ~3s, stime ~0s, Rss ~65236, inblocks ~59571, outblocks ~160263
