Initialising Tcl ChemShell 3.7.0 on linux
load_amber_coords/=============================== Tstep:    0.1 Ttot:    0.1 ==
...load_amber_coords/============================ Tstep:    1.8 Ttot:    1.9 ==
...load_amber_coords/dl-find/==================== Tstep:    1.9 Ttot:    3.8 ==
...dl-find/copy_object/========================== Tstep:    0.0 Ttot:    3.8 ==
...dl-find/get_number_of_atoms/================== Tstep:    0.1 Ttot:    3.9 ==
...dl-find/set_matrix_size/====================== Tstep:    0.1 Ttot:    4.0 ==
...dl-find/set_matrix_size/====================== Tstep:    0.0 Ttot:    4.0 ==
...dl-find/none.init/============================ Tstep:    0.0 Ttot:    4.0 ==
...get_number_of_atoms/========================== Tstep:    0.0 Ttot:    4.0 ==
...get_number_of_shells/========================= Tstep:    0.0 Ttot:    4.0 ==

***********************************************************************
**                                                                   **
**                       ---------------------                       **
**                              DL-FIND                              **
**                       Geometry Optimisation                       **
**                       ---------------------                       **
**                                                                   **
**                 J. Kaestner, J.M. Carr, T.W. Keal,                **
**                W. Thiel, A. Wander and P. Sherwood                **
**                                                                   **
**              J. Phys. Chem. A, 2009, 113 (43), 11856.             **
**                                                                   **
**   Please include this reference in published work using DL-FIND.  **
**                                                                   **
**               Copyright:  STFC Daresbury Laboratory               **
**                           Revision: Unversioned directory         **
**                                                                   **
***********************************************************************

 Calculating the reaction rate based on harmonic transition state theory
 Number of zero modes in RS and TS:    0    0
                     Reactant        TS
 Number of atoms         9021      9021
 Degrees of freedom        81        81
                                      Hartree           kJ/mol            eV                K
Potential energy Barrier             0.01281270       33.63974507        0.34865136     4045.92656772
ZPE Correction                      -0.00527500      -13.84950318       -0.14353997    -1665.71038941
Vibrational adiabatic barrier        0.00753771       19.79024189        0.20511139     2380.21617829
Rotational contr. at start T         0.00000000        0.00000000        0.00000000        0.00000000
Crossover Temperature              298.48696926 K
 log_10 of rates in second^-1
Change of log(rate) by the rotational partition function        0.00000000
       1000/T           rate classical       quantised vib.      simpl. Wigner       Eckart
      3.333333333333      7.472682029228      9.094979081156      9.514667841278      9.804511166467
 
 #       1000/T           full wigner
      3.333333333333     11.390074876697

Timing report
=============
Module                                      CPU time            Wall clock time
Total .................................     0.039 (100.00%)     0.271 (100.00%) seconds
Energy and Gradient ...................     0.000 (  0.00%)     0.000 (  0.00%) seconds
Step direction ........................     0.000 (  0.00%)     0.000 (  0.00%) seconds
Coordinate transformation .............     0.000 (  0.00%)     0.000 (  0.00%) seconds
Checkpoint file I/O ...................     0.000 (  0.00%)     0.000 (  0.00%) seconds
XYZ-file I/O ..........................     0.000 (  0.00%)     0.000 (  0.00%) seconds
exit 0
ChemShell exiting code 0
