Initialising Tcl ChemShell 3.7.0 on linux
load_amber_coords/=============================== Tstep:    0.1 Ttot:    0.1 ==
...load_amber_coords/============================ Tstep:    1.4 Ttot:    1.5 ==
...load_amber_coords/dl-find/==================== Tstep:    1.2 Ttot:    2.8 ==
...dl-find/copy_object/========================== Tstep:    0.0 Ttot:    2.8 ==
...dl-find/get_number_of_atoms/================== Tstep:    0.0 Ttot:    2.8 ==
...dl-find/set_matrix_size/====================== Tstep:    0.1 Ttot:    2.9 ==
...dl-find/set_matrix_size/====================== Tstep:    0.0 Ttot:    2.9 ==
...dl-find/none.init/============================ Tstep:    0.0 Ttot:    2.9 ==
...get_number_of_atoms/========================== Tstep:    0.0 Ttot:    2.9 ==
...get_number_of_shells/========================= Tstep:    0.0 Ttot:    2.9 ==

***********************************************************************
**                                                                   **
**                       ---------------------                       **
**                              DL-FIND                              **
**                       Geometry Optimisation                       **
**                       ---------------------                       **
**                                                                   **
**                 J. Kaestner, J.M. Carr, T.W. Keal,                **
**                W. Thiel, A. Wander and P. Sherwood                **
**                                                                   **
**              J. Phys. Chem. A, 2009, 113 (43), 11856.             **
**                                                                   **
**   Please include this reference in published work using DL-FIND.  **
**                                                                   **
**               Copyright:  STFC Daresbury Laboratory               **
**                           Revision: exported                      **
**                                                                   **
***********************************************************************

 Calculating the reaction rate based on harmonic transition state theory
 Number of zero modes in RS and TS:    0    0
                     Reactant        TS
 Number of atoms         9131      9131
 Degrees of freedom        81        81
                                      Hartree           kJ/mol            eV                K
Potential energy Barrier             0.02467455       64.78302977        0.67142874     7791.59832426
ZPE Correction                      -0.00618742      -16.24505862       -0.16836815    -1953.82914236
Vibrational adiabatic barrier        0.01848714       48.53797116        0.50306058     5837.76918190
Rotational contr. at start T         0.00000000        0.00000000        0.00000000        0.00000000
Crossover Temperature              169.67060436 K
 log_10 of rates in second^-1
Change of log(rate) by the rotational partition function        0.00000000
       1000/T           rate classical       quantised vib.      simpl. Wigner       Eckart
      3.333333333333      2.041868393581      4.138469956909      4.322070496028      4.393243425362
 
 #       1000/T           full wigner
      3.333333333333      4.397385063196

Timing report
=============
Module                                      CPU time            Wall clock time
Total .................................     0.028 (100.00%)     0.269 (100.00%) seconds
Energy and Gradient ...................     0.000 (  0.00%)     0.000 (  0.00%) seconds
Step direction ........................     0.000 (  0.00%)     0.000 (  0.00%) seconds
Coordinate transformation .............     0.000 (  0.00%)     0.000 (  0.00%) seconds
Checkpoint file I/O ...................     0.000 (  0.00%)     0.000 (  0.00%) seconds
XYZ-file I/O ..........................     0.000 (  0.00%)     0.000 (  0.00%) seconds
exit 0
ChemShell exiting code 0
Application 38615442 resources: utime ~3s, stime ~0s, Rss ~67408, inblocks ~60573, outblocks ~160972
