Initialising Tcl ChemShell 3.7.0 on 2 linux nodes
load_amber_coords/=============================== Tstep:    0.0 Ttot:    0.0 ==
...load_amber_coords/============================ Tstep:    1.7 Ttot:    1.8 ==
...load_amber_coords/dl-find/==================== Tstep:    1.7 Ttot:    3.5 ==
...dl-find/copy_object/========================== Tstep:    0.0 Ttot:    3.5 ==
...dl-find/get_number_of_atoms/================== Tstep:    0.0 Ttot:    3.5 ==
...dl-find/set_matrix_size/====================== Tstep:    0.0 Ttot:    3.6 ==
...dl-find/set_matrix_size/====================== Tstep:    0.0 Ttot:    3.6 ==
...dl-find/none.init/============================ Tstep:    0.0 Ttot:    3.6 ==
...get_number_of_atoms/========================== Tstep:    0.0 Ttot:    3.6 ==
...get_number_of_shells/========================= Tstep:    0.0 Ttot:    3.6 ==

***********************************************************************
**                                                                   **
**                       ---------------------                       **
**                              DL-FIND                              **
**                       Geometry Optimisation                       **
**                       ---------------------                       **
**                                                                   **
**                 J. Kaestner, J.M. Carr, T.W. Keal,                **
**                W. Thiel, A. Wander and P. Sherwood                **
**                                                                   **
**              J. Phys. Chem. A, 2009, 113 (43), 11856.             **
**                                                                   **
**   Please include this reference in published work using DL-FIND.  **
**                                                                   **
**               Copyright:  STFC Daresbury Laboratory               **
**                           Revision: Unversioned directory         **
**                                                                   **
***********************************************************************

 Calculating the reaction rate based on harmonic transition state theory
 Number of zero modes in RS and TS:    0    0
                     Reactant        TS
 Number of atoms         9456      9456
 Degrees of freedom        81        81
                                      Hartree           kJ/mol            eV                K
Potential energy Barrier             0.00339975        8.92604705        0.09251195     1073.55542721
ZPE Correction                      -0.00325040       -8.53392288       -0.08844787    -1026.39378583
Vibrational adiabatic barrier        0.00014935        0.39212417        0.00406408       47.16164138
Rotational contr. at start T         0.00000000        0.00000000        0.00000000        0.00000000
Crossover Temperature              194.60966817 K
 log_10 of rates in second^-1
Change of log(rate) by the rotational partition function        0.00000000
       1000/T           rate classical       quantised vib.      simpl. Wigner       Eckart
      3.333333333333     11.880778315409     12.638350355480     12.866803361258                 NaN
 
 #       1000/T           full wigner
      3.333333333333     12.996762556466

Timing report
=============
Module                                      CPU time            Wall clock time
Total .................................     0.038 (100.00%)     0.080 (100.00%) seconds
Energy and Gradient ...................     0.000 (  0.00%)     0.000 (  0.00%) seconds
Step direction ........................     0.000 (  0.00%)     0.000 (  0.00%) seconds
Coordinate transformation .............     0.000 (  0.00%)     0.000 (  0.00%) seconds
Checkpoint file I/O ...................     0.000 (  0.00%)     0.000 (  0.00%) seconds
XYZ-file I/O ..........................     0.000 (  0.00%)     0.000 (  0.00%) seconds
exit 0
ChemShell exiting code 0
