Initialising Tcl ChemShell 3.7.0 on linux
load_amber_coords/=============================== Tstep:    0.1 Ttot:    0.1 ==
...load_amber_coords/============================ Tstep:    1.2 Ttot:    1.3 ==
...load_amber_coords/dl-find/==================== Tstep:    1.9 Ttot:    3.3 ==
...dl-find/copy_object/========================== Tstep:    0.0 Ttot:    3.3 ==
...dl-find/get_number_of_atoms/================== Tstep:    0.0 Ttot:    3.3 ==
...dl-find/set_matrix_size/====================== Tstep:    0.0 Ttot:    3.4 ==
...dl-find/set_matrix_size/====================== Tstep:    0.0 Ttot:    3.4 ==
...dl-find/none.init/============================ Tstep:    0.0 Ttot:    3.4 ==
...get_number_of_atoms/========================== Tstep:    0.0 Ttot:    3.4 ==
...get_number_of_shells/========================= Tstep:    0.0 Ttot:    3.4 ==

***********************************************************************
**                                                                   **
**                       ---------------------                       **
**                              DL-FIND                              **
**                       Geometry Optimisation                       **
**                       ---------------------                       **
**                                                                   **
**                 J. Kaestner, J.M. Carr, T.W. Keal,                **
**                W. Thiel, A. Wander and P. Sherwood                **
**                                                                   **
**              J. Phys. Chem. A, 2009, 113 (43), 11856.             **
**                                                                   **
**   Please include this reference in published work using DL-FIND.  **
**                                                                   **
**               Copyright:  STFC Daresbury Laboratory               **
**                           Revision: exported                      **
**                                                                   **
***********************************************************************

 Calculating the reaction rate based on harmonic transition state theory
 Number of zero modes in RS and TS:    0    0
                     Reactant        TS
 Number of atoms         9303      9303
 Degrees of freedom        81        81
                                      Hartree           kJ/mol            eV                K
Potential energy Barrier             0.00150660        3.95558953        0.04099679      475.74750494
ZPE Correction                      -0.00298111       -7.82689715       -0.08112007     -941.35823696
Vibrational adiabatic barrier       -0.00147450       -3.87130761       -0.04012327     -465.61073203
Rotational contr. at start T         0.00000000        0.00000000        0.00000000        0.00000000
Crossover Temperature              245.32662481 K
 log_10 of rates in second^-1
Change of log(rate) by the rotational partition function        0.00000000
       1000/T           rate classical       quantised vib.      simpl. Wigner       Eckart
      3.333333333333     12.458249890025     13.178680974901     13.500901667251                 NaN
 
 #       1000/T           full wigner
      3.333333333333     13.854641520500

Timing report
=============
Module                                      CPU time            Wall clock time
Total .................................     0.032 (100.00%)     0.192 (100.00%) seconds
Energy and Gradient ...................     0.000 (  0.00%)     0.000 (  0.00%) seconds
Step direction ........................     0.000 (  0.00%)     0.000 (  0.00%) seconds
Coordinate transformation .............     0.000 (  0.00%)     0.000 (  0.00%) seconds
Checkpoint file I/O ...................     0.000 (  0.00%)     0.000 (  0.00%) seconds
XYZ-file I/O ..........................     0.000 (  0.00%)     0.000 (  0.00%) seconds
exit 0
ChemShell exiting code 0
Application 38615505 resources: utime ~3s, stime ~0s, Rss ~67896, inblocks ~60814, outblocks ~161137
