Initialising Tcl ChemShell 3.7.0 on linux
load_amber_coords/=============================== Tstep:    0.1 Ttot:    0.1 ==
...load_amber_coords/============================ Tstep:    2.3 Ttot:    2.4 ==
...load_amber_coords/dl-find/==================== Tstep:    2.1 Ttot:    4.5 ==
...dl-find/copy_object/========================== Tstep:    0.0 Ttot:    4.5 ==
...dl-find/get_number_of_atoms/================== Tstep:    0.0 Ttot:    4.6 ==
...dl-find/set_matrix_size/====================== Tstep:    0.0 Ttot:    4.6 ==
...dl-find/set_matrix_size/====================== Tstep:    0.0 Ttot:    4.6 ==
...dl-find/none.init/============================ Tstep:    0.0 Ttot:    4.6 ==
...get_number_of_atoms/========================== Tstep:    0.0 Ttot:    4.6 ==
...get_number_of_shells/========================= Tstep:    0.0 Ttot:    4.6 ==

***********************************************************************
**                                                                   **
**                       ---------------------                       **
**                              DL-FIND                              **
**                       Geometry Optimisation                       **
**                       ---------------------                       **
**                                                                   **
**                 J. Kaestner, J.M. Carr, T.W. Keal,                **
**                W. Thiel, A. Wander and P. Sherwood                **
**                                                                   **
**              J. Phys. Chem. A, 2009, 113 (43), 11856.             **
**                                                                   **
**   Please include this reference in published work using DL-FIND.  **
**                                                                   **
**               Copyright:  STFC Daresbury Laboratory               **
**                           Revision: exported                      **
**                                                                   **
***********************************************************************

 Calculating the reaction rate based on harmonic transition state theory
 Number of zero modes in RS and TS:    0    0
                     Reactant        TS
 Number of atoms         9104      9104
 Degrees of freedom        81        81
                                      Hartree           kJ/mol            eV                K
Potential energy Barrier             0.00243170        6.38443866        0.06617004      767.87056282
ZPE Correction                      -0.00351021       -9.21605086       -0.09551763    -1108.43482791
Vibrational adiabatic barrier       -0.00107850       -2.83161221       -0.02934759     -340.56426508
Rotational contr. at start T         0.00000000        0.00000000        0.00000000        0.00000000
Crossover Temperature              267.39510292 K
 log_10 of rates in second^-1
Change of log(rate) by the rotational partition function        0.00000000
       1000/T           rate classical       quantised vib.      simpl. Wigner       Eckart
      3.333333333333     12.234231638478     13.124144324612     13.487156396482                 NaN
 
 #       1000/T           full wigner
      3.333333333333     14.046486295809

Timing report
=============
Module                                      CPU time            Wall clock time
Total .................................     0.032 (100.00%)     0.800 (100.00%) seconds
Energy and Gradient ...................     0.000 (  0.00%)     0.000 (  0.00%) seconds
Step direction ........................     0.000 (  0.00%)     0.000 (  0.00%) seconds
Coordinate transformation .............     0.000 (  0.00%)     0.000 (  0.00%) seconds
Checkpoint file I/O ...................     0.000 (  0.00%)     0.000 (  0.00%) seconds
XYZ-file I/O ..........................     0.000 (  0.00%)     0.000 (  0.00%) seconds
exit 0
ChemShell exiting code 0
Application 38615499 resources: utime ~3s, stime ~0s, Rss ~67332, inblocks ~60531, outblocks ~160946
