Initialising Tcl ChemShell 3.7.0 on 2 linux nodes
load_amber_coords/=============================== Tstep:    0.0 Ttot:    0.0 ==
...load_amber_coords/============================ Tstep:    1.6 Ttot:    1.6 ==
...load_amber_coords/dl-find/==================== Tstep:    1.7 Ttot:    3.3 ==
...dl-find/copy_object/========================== Tstep:    0.0 Ttot:    3.3 ==
...dl-find/get_number_of_atoms/================== Tstep:    0.0 Ttot:    3.3 ==
...dl-find/set_matrix_size/====================== Tstep:    0.0 Ttot:    3.4 ==
...dl-find/set_matrix_size/====================== Tstep:    0.0 Ttot:    3.4 ==
...dl-find/none.init/============================ Tstep:    0.0 Ttot:    3.4 ==
...get_number_of_atoms/========================== Tstep:    0.0 Ttot:    3.4 ==
...get_number_of_shells/========================= Tstep:    0.0 Ttot:    3.4 ==

***********************************************************************
**                                                                   **
**                       ---------------------                       **
**                              DL-FIND                              **
**                       Geometry Optimisation                       **
**                       ---------------------                       **
**                                                                   **
**                 J. Kaestner, J.M. Carr, T.W. Keal,                **
**                W. Thiel, A. Wander and P. Sherwood                **
**                                                                   **
**              J. Phys. Chem. A, 2009, 113 (43), 11856.             **
**                                                                   **
**   Please include this reference in published work using DL-FIND.  **
**                                                                   **
**               Copyright:  STFC Daresbury Laboratory               **
**                           Revision: Unversioned directory         **
**                                                                   **
***********************************************************************

 Calculating the reaction rate based on harmonic transition state theory
 Number of zero modes in RS and TS:    0    0
                     Reactant        TS
 Number of atoms         9391      9391
 Degrees of freedom        81        81
                                      Hartree           kJ/mol            eV                K
Potential energy Barrier             0.02422413       63.60044020        0.65917206     7649.36565970
ZPE Correction                      -0.00669717      -17.58340432       -0.18223913    -2114.79494051
Vibrational adiabatic barrier        0.01752696       46.01703588        0.47693293     5534.57071918
Rotational contr. at start T         0.00000000        0.00000000        0.00000000        0.00000000
Crossover Temperature              201.59914365 K
 log_10 of rates in second^-1
Change of log(rate) by the rotational partition function        0.00000000
       1000/T           rate classical       quantised vib.      simpl. Wigner       Eckart
      3.333333333333      2.292155356373      4.563095490200      4.804347924364      4.930512199044
 
 #       1000/T           full wigner
      3.333333333333      4.954362825787

Timing report
=============
Module                                      CPU time            Wall clock time
Total .................................     0.029 (100.00%)     0.031 (100.00%) seconds
Energy and Gradient ...................     0.000 (  0.00%)     0.000 (  0.00%) seconds
Step direction ........................     0.000 (  0.00%)     0.000 (  0.00%) seconds
Coordinate transformation .............     0.000 (  0.00%)     0.000 (  0.00%) seconds
Checkpoint file I/O ...................     0.000 (  0.00%)     0.000 (  0.00%) seconds
XYZ-file I/O ..........................     0.000 (  0.00%)     0.000 (  0.00%) seconds
exit 0
ChemShell exiting code 0
