Initialising Tcl ChemShell 3.7.0 on 2 linux nodes
load_amber_coords/=============================== Tstep:    0.1 Ttot:    0.1 ==
...load_amber_coords/============================ Tstep:    1.3 Ttot:    1.3 ==
...load_amber_coords/dl-find/==================== Tstep:    1.2 Ttot:    2.6 ==
...dl-find/copy_object/========================== Tstep:    0.0 Ttot:    2.6 ==
...dl-find/get_number_of_atoms/================== Tstep:    0.0 Ttot:    2.6 ==
...dl-find/set_matrix_size/====================== Tstep:    0.0 Ttot:    2.6 ==
...dl-find/set_matrix_size/====================== Tstep:    0.0 Ttot:    2.6 ==
...dl-find/none.init/============================ Tstep:    0.0 Ttot:    2.6 ==
...get_number_of_atoms/========================== Tstep:    0.0 Ttot:    2.6 ==
...get_number_of_shells/========================= Tstep:    0.0 Ttot:    2.6 ==

***********************************************************************
**                                                                   **
**                       ---------------------                       **
**                              DL-FIND                              **
**                       Geometry Optimisation                       **
**                       ---------------------                       **
**                                                                   **
**                 J. Kaestner, J.M. Carr, T.W. Keal,                **
**                W. Thiel, A. Wander and P. Sherwood                **
**                                                                   **
**              J. Phys. Chem. A, 2009, 113 (43), 11856.             **
**                                                                   **
**   Please include this reference in published work using DL-FIND.  **
**                                                                   **
**               Copyright:  STFC Daresbury Laboratory               **
**                           Revision: Unversioned directory         **
**                                                                   **
***********************************************************************

 Calculating the reaction rate based on harmonic transition state theory
 Number of zero modes in RS and TS:    0    0

DL-FIND ERROR:
Error: need at least first two lines of qts_ts.txt

jumped out of DL-Find with code 1
exit -1
exited DL-Find search: iret=-1 
ChemShell exiting code 1
the following objects are still declared:
      <tag>    <type>  <links> <list> <name>   
*dl-find.coo    fragment    1     main    from inpcrd 
*dl-find.energy      matrix    1     main    Scratch energies for dl-find interface 
*dl-find.gradient      matrix    1     main    Scratch gradient for dl-find interface 
writing persistent objects to disk..
done
