Initialising Tcl ChemShell 3.7.0 on linux
load_amber_coords/=============================== Tstep:    0.2 Ttot:    0.2 ==
...load_amber_coords/============================ Tstep:    1.2 Ttot:    1.4 ==
...load_amber_coords/dl-find/==================== Tstep:    1.5 Ttot:    2.9 ==
...dl-find/copy_object/========================== Tstep:    0.0 Ttot:    2.9 ==
...dl-find/get_number_of_atoms/================== Tstep:    0.0 Ttot:    2.9 ==
...dl-find/set_matrix_size/====================== Tstep:    0.0 Ttot:    3.0 ==
...dl-find/set_matrix_size/====================== Tstep:    0.0 Ttot:    3.0 ==
...dl-find/none.init/============================ Tstep:    0.0 Ttot:    3.0 ==
...get_number_of_atoms/========================== Tstep:    0.0 Ttot:    3.0 ==
...get_number_of_shells/========================= Tstep:    0.0 Ttot:    3.0 ==

***********************************************************************
**                                                                   **
**                       ---------------------                       **
**                              DL-FIND                              **
**                       Geometry Optimisation                       **
**                       ---------------------                       **
**                                                                   **
**                 J. Kaestner, J.M. Carr, T.W. Keal,                **
**                W. Thiel, A. Wander and P. Sherwood                **
**                                                                   **
**              J. Phys. Chem. A, 2009, 113 (43), 11856.             **
**                                                                   **
**   Please include this reference in published work using DL-FIND.  **
**                                                                   **
**               Copyright:  STFC Daresbury Laboratory               **
**                           Revision: exported                      **
**                                                                   **
***********************************************************************

 Calculating the reaction rate based on harmonic transition state theory
 Number of zero modes in RS and TS:    0    0
                     Reactant        TS
 Number of atoms         9228      9228
 Degrees of freedom        81        81
                                      Hartree           kJ/mol            eV                K
Potential energy Barrier             0.02423627       63.63231963        0.65950247     7653.19986873
ZPE Correction                      -0.00609377      -15.99919547       -0.16581996    -1924.25863808
Vibrational adiabatic barrier        0.01814250       47.63312415        0.49368250     5728.94123067
Rotational contr. at start T         0.00000000        0.00000000        0.00000000        0.00000000
Crossover Temperature              143.63803208 K
 log_10 of rates in second^-1
Change of log(rate) by the rotational partition function        0.00000000
       1000/T           rate classical       quantised vib.      simpl. Wigner       Eckart
      3.333333333333      2.087645822613      4.137111925240      4.276074212276      4.316723870143
 
 #       1000/T           full wigner
      3.333333333333      4.315374520297

Timing report
=============
Module                                      CPU time            Wall clock time
Total .................................     0.028 (100.00%)     0.233 (100.00%) seconds
Energy and Gradient ...................     0.000 (  0.00%)     0.000 (  0.00%) seconds
Step direction ........................     0.000 (  0.00%)     0.000 (  0.00%) seconds
Coordinate transformation .............     0.000 (  0.00%)     0.000 (  0.00%) seconds
Checkpoint file I/O ...................     0.000 (  0.00%)     0.000 (  0.00%) seconds
XYZ-file I/O ..........................     0.000 (  0.00%)     0.000 (  0.00%) seconds
exit 0
ChemShell exiting code 0
Application 38615450 resources: utime ~3s, stime ~0s, Rss ~67660, inblocks ~60712, outblocks ~161064
