Initialising Tcl ChemShell 3.7.0 on linux
load_amber_coords/=============================== Tstep:    0.0 Ttot:    0.0 ==
...load_amber_coords/============================ Tstep:    1.8 Ttot:    1.8 ==
...load_amber_coords/dl-find/==================== Tstep:    1.9 Ttot:    3.7 ==
...dl-find/copy_object/========================== Tstep:    0.0 Ttot:    3.7 ==
...dl-find/get_number_of_atoms/================== Tstep:    0.1 Ttot:    3.7 ==
...dl-find/set_matrix_size/====================== Tstep:    0.0 Ttot:    3.8 ==
...dl-find/set_matrix_size/====================== Tstep:    0.0 Ttot:    3.8 ==
...dl-find/none.init/============================ Tstep:    0.0 Ttot:    3.8 ==
...get_number_of_atoms/========================== Tstep:    0.0 Ttot:    3.8 ==
...get_number_of_shells/========================= Tstep:    0.0 Ttot:    3.8 ==

***********************************************************************
**                                                                   **
**                       ---------------------                       **
**                              DL-FIND                              **
**                       Geometry Optimisation                       **
**                       ---------------------                       **
**                                                                   **
**                 J. Kaestner, J.M. Carr, T.W. Keal,                **
**                W. Thiel, A. Wander and P. Sherwood                **
**                                                                   **
**              J. Phys. Chem. A, 2009, 113 (43), 11856.             **
**                                                                   **
**   Please include this reference in published work using DL-FIND.  **
**                                                                   **
**               Copyright:  STFC Daresbury Laboratory               **
**                           Revision: Unversioned directory         **
**                                                                   **
***********************************************************************

 Calculating the reaction rate based on harmonic transition state theory
 Number of zero modes in RS and TS:    0    0
                     Reactant        TS
 Number of atoms         9480      9480
 Degrees of freedom        81        81
                                      Hartree           kJ/mol            eV                K
Potential energy Barrier             0.00358961        9.42452303        0.09767829     1133.50823708
ZPE Correction                      -0.00511363      -13.42582390       -0.13914885    -1614.75354490
Vibrational adiabatic barrier       -0.00152402       -4.00130086       -0.04147056     -481.24530780
Rotational contr. at start T         0.00000000        0.00000000        0.00000000        0.00000000
Crossover Temperature              193.11785674 K
 log_10 of rates in second^-1
Change of log(rate) by the rotational partition function        0.00000000
       1000/T           rate classical       quantised vib.      simpl. Wigner       Eckart
      3.333333333333     10.824590101801     12.394884469834     12.620615789819                 NaN
 
 #       1000/T           full wigner
      3.333333333333     12.746598737840

Timing report
=============
Module                                      CPU time            Wall clock time
Total .................................     0.033 (100.00%)     0.061 (100.00%) seconds
Energy and Gradient ...................     0.000 (  0.00%)     0.000 (  0.00%) seconds
Step direction ........................     0.000 (  0.00%)     0.000 (  0.00%) seconds
Coordinate transformation .............     0.000 (  0.00%)     0.000 (  0.00%) seconds
Checkpoint file I/O ...................     0.000 (  0.00%)     0.000 (  0.00%) seconds
XYZ-file I/O ..........................     0.000 (  0.00%)     0.000 (  0.00%) seconds
exit 0
ChemShell exiting code 0
