Initialising Tcl ChemShell 3.7.0 on linux
load_amber_coords/=============================== Tstep:    0.1 Ttot:    0.1 ==
...load_amber_coords/============================ Tstep:    1.1 Ttot:    1.2 ==
...load_amber_coords/dl-find/==================== Tstep:    1.1 Ttot:    2.3 ==
...dl-find/copy_object/========================== Tstep:    0.0 Ttot:    2.3 ==
...dl-find/get_number_of_atoms/================== Tstep:    0.0 Ttot:    2.4 ==
...dl-find/set_matrix_size/====================== Tstep:    0.0 Ttot:    2.4 ==
...dl-find/set_matrix_size/====================== Tstep:    0.0 Ttot:    2.4 ==
...dl-find/none.init/============================ Tstep:    0.0 Ttot:    2.4 ==
...get_number_of_atoms/========================== Tstep:    0.0 Ttot:    2.4 ==
...get_number_of_shells/========================= Tstep:    0.0 Ttot:    2.4 ==

***********************************************************************
**                                                                   **
**                       ---------------------                       **
**                              DL-FIND                              **
**                       Geometry Optimisation                       **
**                       ---------------------                       **
**                                                                   **
**                 J. Kaestner, J.M. Carr, T.W. Keal,                **
**                W. Thiel, A. Wander and P. Sherwood                **
**                                                                   **
**              J. Phys. Chem. A, 2009, 113 (43), 11856.             **
**                                                                   **
**   Please include this reference in published work using DL-FIND.  **
**                                                                   **
**               Copyright:  STFC Daresbury Laboratory               **
**                           Revision: exported                      **
**                                                                   **
***********************************************************************

 Calculating the reaction rate based on harmonic transition state theory
 Number of zero modes in RS and TS:    0    0
                     Reactant        TS
 Number of atoms         8909      8909
 Degrees of freedom        81        81
                                      Hartree           kJ/mol            eV                K
Potential energy Barrier             0.00241230        6.33349079        0.06564200      761.74295039
ZPE Correction                      -0.00254589       -6.68424353       -0.06927730     -803.92875801
Vibrational adiabatic barrier       -0.00013359       -0.35075274       -0.00363530      -42.18580763
Rotational contr. at start T         0.00000000        0.00000000        0.00000000        0.00000000
Crossover Temperature              170.31749163 K
 log_10 of rates in second^-1
Change of log(rate) by the rotational partition function        0.00000000
       1000/T           rate classical       quantised vib.      simpl. Wigner       Eckart
      3.333333333333     12.007864494443     12.602156895005     12.786899814555                 NaN
 
 #       1000/T           full wigner
      3.333333333333     12.863349797462

Timing report
=============
Module                                      CPU time            Wall clock time
Total .................................     0.032 (100.00%)     0.231 (100.00%) seconds
Energy and Gradient ...................     0.000 (  0.00%)     0.000 (  0.00%) seconds
Step direction ........................     0.000 (  0.00%)     0.000 (  0.00%) seconds
Coordinate transformation .............     0.000 (  0.00%)     0.000 (  0.00%) seconds
Checkpoint file I/O ...................     0.000 (  0.00%)     0.000 (  0.00%) seconds
XYZ-file I/O ..........................     0.000 (  0.00%)     0.000 (  0.00%) seconds
exit 0
ChemShell exiting code 0
Application 38615561 resources: utime ~3s, stime ~0s, Rss ~66772, inblocks ~60285, outblocks ~160762
