Initialising Tcl ChemShell 3.7.0 on 2 linux nodes
load_amber_coords/=============================== Tstep:    0.0 Ttot:    0.0 ==
...load_amber_coords/============================ Tstep:    1.3 Ttot:    1.4 ==
...load_amber_coords/dl-find/==================== Tstep:    1.5 Ttot:    2.9 ==
...dl-find/copy_object/========================== Tstep:    0.0 Ttot:    2.9 ==
...dl-find/get_number_of_atoms/================== Tstep:    0.0 Ttot:    2.9 ==
...dl-find/set_matrix_size/====================== Tstep:    0.0 Ttot:    2.9 ==
...dl-find/set_matrix_size/====================== Tstep:    0.0 Ttot:    2.9 ==
...dl-find/none.init/============================ Tstep:    0.0 Ttot:    3.0 ==
...get_number_of_atoms/========================== Tstep:    0.0 Ttot:    3.0 ==
...get_number_of_shells/========================= Tstep:    0.0 Ttot:    3.0 ==

***********************************************************************
**                                                                   **
**                       ---------------------                       **
**                              DL-FIND                              **
**                       Geometry Optimisation                       **
**                       ---------------------                       **
**                                                                   **
**                 J. Kaestner, J.M. Carr, T.W. Keal,                **
**                W. Thiel, A. Wander and P. Sherwood                **
**                                                                   **
**              J. Phys. Chem. A, 2009, 113 (43), 11856.             **
**                                                                   **
**   Please include this reference in published work using DL-FIND.  **
**                                                                   **
**               Copyright:  STFC Daresbury Laboratory               **
**                           Revision: Unversioned directory         **
**                                                                   **
***********************************************************************

 Calculating the reaction rate based on harmonic transition state theory
 Number of zero modes in RS and TS:    0    0
                     Reactant        TS
 Number of atoms         9124      9124
 Degrees of freedom        81        81
                                      Hartree           kJ/mol            eV                K
Potential energy Barrier             0.00301614        7.91887953        0.08207340      952.42116179
ZPE Correction                      -0.00447549      -11.75040346       -0.12178434    -1413.24702178
Vibrational adiabatic barrier       -0.00145935       -3.83152393       -0.03971094     -460.82585998
Rotational contr. at start T         0.00000000        0.00000000        0.00000000        0.00000000
Crossover Temperature              195.71810825 K
 log_10 of rates in second^-1
Change of log(rate) by the rotational partition function        0.00000000
       1000/T           rate classical       quantised vib.      simpl. Wigner       Eckart
      3.333333333333     11.451199904710     12.823162193656     13.053639925219                 NaN
 
 #       1000/T           full wigner
      3.333333333333     13.186620503567

Timing report
=============
Module                                      CPU time            Wall clock time
Total .................................     0.029 (100.00%)     0.032 (100.00%) seconds
Energy and Gradient ...................     0.000 (  0.00%)     0.000 (  0.00%) seconds
Step direction ........................     0.000 (  0.00%)     0.000 (  0.00%) seconds
Coordinate transformation .............     0.000 (  0.00%)     0.000 (  0.00%) seconds
Checkpoint file I/O ...................     0.000 (  0.00%)     0.000 (  0.00%) seconds
XYZ-file I/O ..........................     0.000 (  0.00%)     0.000 (  0.00%) seconds
exit 0
ChemShell exiting code 0
