Initialising Tcl ChemShell 3.7.0 on linux
load_amber_coords/=============================== Tstep:    0.1 Ttot:    0.1 ==
...load_amber_coords/============================ Tstep:    1.3 Ttot:    1.4 ==
...load_amber_coords/dl-find/==================== Tstep:    1.2 Ttot:    2.6 ==
...dl-find/copy_object/========================== Tstep:    0.0 Ttot:    2.6 ==
...dl-find/get_number_of_atoms/================== Tstep:    0.0 Ttot:    2.6 ==
...dl-find/set_matrix_size/====================== Tstep:    0.0 Ttot:    2.6 ==
...dl-find/set_matrix_size/====================== Tstep:    0.0 Ttot:    2.6 ==
...dl-find/none.init/============================ Tstep:    0.0 Ttot:    2.7 ==
...get_number_of_atoms/========================== Tstep:    0.0 Ttot:    2.7 ==
...get_number_of_shells/========================= Tstep:    0.0 Ttot:    2.7 ==

***********************************************************************
**                                                                   **
**                       ---------------------                       **
**                              DL-FIND                              **
**                       Geometry Optimisation                       **
**                       ---------------------                       **
**                                                                   **
**                 J. Kaestner, J.M. Carr, T.W. Keal,                **
**                W. Thiel, A. Wander and P. Sherwood                **
**                                                                   **
**              J. Phys. Chem. A, 2009, 113 (43), 11856.             **
**                                                                   **
**   Please include this reference in published work using DL-FIND.  **
**                                                                   **
**               Copyright:  STFC Daresbury Laboratory               **
**                           Revision: exported                      **
**                                                                   **
***********************************************************************

 Calculating the reaction rate based on harmonic transition state theory
 Number of zero modes in RS and TS:    0    0
                     Reactant        TS
 Number of atoms         9280      9280
 Degrees of freedom        81        81
                                      Hartree           kJ/mol            eV                K
Potential energy Barrier             0.00117969        3.09727773        0.03210102      372.51644478
ZPE Correction                      -0.00359969       -9.45099683       -0.09795267    -1136.69229890
Vibrational adiabatic barrier       -0.00242000       -6.35371910       -0.06585165     -764.17585413
Rotational contr. at start T         0.00000000        0.00000000        0.00000000        0.00000000
Crossover Temperature              194.47657481 K
 log_10 of rates in second^-1
Change of log(rate) by the rotational partition function        0.00000000
       1000/T           rate classical       quantised vib.      simpl. Wigner       Eckart
      3.333333333333     12.696194232684     13.686071435159     13.914281466236                 NaN
 
 #       1000/T           full wigner
      3.333333333333     14.043881745095

Timing report
=============
Module                                      CPU time            Wall clock time
Total .................................     0.032 (100.00%)     0.264 (100.00%) seconds
Energy and Gradient ...................     0.000 (  0.00%)     0.000 (  0.00%) seconds
Step direction ........................     0.000 (  0.00%)     0.000 (  0.00%) seconds
Coordinate transformation .............     0.000 (  0.00%)     0.000 (  0.00%) seconds
Checkpoint file I/O ...................     0.000 (  0.00%)     0.000 (  0.00%) seconds
XYZ-file I/O ..........................     0.000 (  0.00%)     0.000 (  0.00%) seconds
exit 0
ChemShell exiting code 0
Application 38615583 resources: utime ~3s, stime ~0s, Rss ~67832, inblocks ~60777, outblocks ~161115
