Initialising Tcl ChemShell 3.7.0 on linux
load_amber_coords/=============================== Tstep:    0.3 Ttot:    0.3 ==
...load_amber_coords/============================ Tstep:    1.9 Ttot:    2.2 ==
...load_amber_coords/dl-find/==================== Tstep:    1.9 Ttot:    4.1 ==
...dl-find/copy_object/========================== Tstep:    0.0 Ttot:    4.1 ==
...dl-find/get_number_of_atoms/================== Tstep:    0.1 Ttot:    4.2 ==
...dl-find/set_matrix_size/====================== Tstep:    0.1 Ttot:    4.3 ==
...dl-find/set_matrix_size/====================== Tstep:    0.0 Ttot:    4.3 ==
...dl-find/none.init/============================ Tstep:    0.0 Ttot:    4.3 ==
...get_number_of_atoms/========================== Tstep:    0.0 Ttot:    4.3 ==
...get_number_of_shells/========================= Tstep:    0.0 Ttot:    4.3 ==

***********************************************************************
**                                                                   **
**                       ---------------------                       **
**                              DL-FIND                              **
**                       Geometry Optimisation                       **
**                       ---------------------                       **
**                                                                   **
**                 J. Kaestner, J.M. Carr, T.W. Keal,                **
**                W. Thiel, A. Wander and P. Sherwood                **
**                                                                   **
**              J. Phys. Chem. A, 2009, 113 (43), 11856.             **
**                                                                   **
**   Please include this reference in published work using DL-FIND.  **
**                                                                   **
**               Copyright:  STFC Daresbury Laboratory               **
**                           Revision: Unversioned directory         **
**                                                                   **
***********************************************************************

 Calculating the reaction rate based on harmonic transition state theory
 Number of zero modes in RS and TS:    0    0
                     Reactant        TS
 Number of atoms         9480      9480
 Degrees of freedom        81        81
                                      Hartree           kJ/mol            eV                K
Potential energy Barrier             0.02736998       71.85987910        0.74477511     8642.74664996
ZPE Correction                      -0.00670604      -17.60670211       -0.18248059    -2117.59701816
Vibrational adiabatic barrier        0.02066394       54.25317698        0.56229451     6525.14963181
Rotational contr. at start T         0.00000000        0.00000000        0.00000000        0.00000000
Crossover Temperature              193.11785674 K
 log_10 of rates in second^-1
Change of log(rate) by the rotational partition function        0.00000000
       1000/T           rate classical       quantised vib.      simpl. Wigner       Eckart
      3.333333333333      0.966065902160      3.205966758685      3.431698078671      3.542999417240
 
 #       1000/T           full wigner
      3.333333333333      3.557681026692

Timing report
=============
Module                                      CPU time            Wall clock time
Total .................................     0.035 (100.00%)     0.201 (100.00%) seconds
Energy and Gradient ...................     0.000 (  0.00%)     0.000 (  0.00%) seconds
Step direction ........................     0.000 (  0.00%)     0.000 (  0.00%) seconds
Coordinate transformation .............     0.000 (  0.00%)     0.000 (  0.00%) seconds
Checkpoint file I/O ...................     0.000 (  0.00%)     0.000 (  0.00%) seconds
XYZ-file I/O ..........................     0.000 (  0.00%)     0.000 (  0.00%) seconds
exit 0
ChemShell exiting code 0
