Initialising Tcl ChemShell 3.7.0 on 2 linux nodes
load_amber_coords/=============================== Tstep:    0.0 Ttot:    0.0 ==
...load_amber_coords/============================ Tstep:    0.8 Ttot:    0.8 ==
...load_amber_coords/dl-find/==================== Tstep:    0.8 Ttot:    1.6 ==
...dl-find/copy_object/========================== Tstep:    0.0 Ttot:    1.6 ==
...dl-find/get_number_of_atoms/================== Tstep:    0.0 Ttot:    1.7 ==
...dl-find/set_matrix_size/====================== Tstep:    0.0 Ttot:    1.7 ==
...dl-find/set_matrix_size/====================== Tstep:    0.0 Ttot:    1.7 ==
...dl-find/none.init/============================ Tstep:    0.0 Ttot:    1.7 ==
...get_number_of_atoms/========================== Tstep:    0.0 Ttot:    1.7 ==
...get_number_of_shells/========================= Tstep:    0.0 Ttot:    1.7 ==

***********************************************************************
**                                                                   **
**                       ---------------------                       **
**                              DL-FIND                              **
**                       Geometry Optimisation                       **
**                       ---------------------                       **
**                                                                   **
**                 J. Kaestner, J.M. Carr, T.W. Keal,                **
**                W. Thiel, A. Wander and P. Sherwood                **
**                                                                   **
**              J. Phys. Chem. A, 2009, 113 (43), 11856.             **
**                                                                   **
**   Please include this reference in published work using DL-FIND.  **
**                                                                   **
**               Copyright:  STFC Daresbury Laboratory               **
**                           Revision: Unversioned directory         **
**                                                                   **
***********************************************************************

 Calculating the reaction rate based on harmonic transition state theory
 Number of zero modes in RS and TS:    0    0
                     Reactant        TS
 Number of atoms         8821      8821
 Degrees of freedom        81        81
                                      Hartree           kJ/mol            eV                K
Potential energy Barrier             0.00228419        5.99713707        0.06215594      721.28894433
ZPE Correction                      -0.00382369      -10.03908529       -0.10404778    -1207.42300000
Vibrational adiabatic barrier       -0.00153950       -4.04194822       -0.04189184     -486.13405569
Rotational contr. at start T         0.00000000        0.00000000        0.00000000        0.00000000
Crossover Temperature              262.51251058 K
 log_10 of rates in second^-1
Change of log(rate) by the rotational partition function        0.00000000
       1000/T           rate classical       quantised vib.      simpl. Wigner       Eckart
      3.333333333333     12.320076180967     13.312360410435     13.666377117743                 NaN
 
 #       1000/T           full wigner
      3.333333333333     14.168836760504

Timing report
=============
Module                                      CPU time            Wall clock time
Total .................................     0.023 (100.00%)     0.130 (100.00%) seconds
Energy and Gradient ...................     0.000 (  0.00%)     0.000 (  0.00%) seconds
Step direction ........................     0.000 (  0.00%)     0.000 (  0.00%) seconds
Coordinate transformation .............     0.000 (  0.00%)     0.000 (  0.00%) seconds
Checkpoint file I/O ...................     0.000 (  0.00%)     0.000 (  0.00%) seconds
XYZ-file I/O ..........................     0.000 (  0.00%)     0.000 (  0.00%) seconds
exit 0
ChemShell exiting code 0
