Initialising Tcl ChemShell 3.7.0 on 2 linux nodes
load_amber_coords/=============================== Tstep:    0.1 Ttot:    0.1 ==
...load_amber_coords/============================ Tstep:    1.3 Ttot:    1.4 ==
...load_amber_coords/dl-find/==================== Tstep:    1.3 Ttot:    2.7 ==
...dl-find/copy_object/========================== Tstep:    0.0 Ttot:    2.7 ==
...dl-find/get_number_of_atoms/================== Tstep:    0.0 Ttot:    2.7 ==
...dl-find/set_matrix_size/====================== Tstep:    0.0 Ttot:    2.8 ==
...dl-find/set_matrix_size/====================== Tstep:    0.0 Ttot:    2.8 ==
...dl-find/none.init/============================ Tstep:    0.0 Ttot:    2.8 ==
...get_number_of_atoms/========================== Tstep:    0.0 Ttot:    2.8 ==
...get_number_of_shells/========================= Tstep:    0.0 Ttot:    2.8 ==

***********************************************************************
**                                                                   **
**                       ---------------------                       **
**                              DL-FIND                              **
**                       Geometry Optimisation                       **
**                       ---------------------                       **
**                                                                   **
**                 J. Kaestner, J.M. Carr, T.W. Keal,                **
**                W. Thiel, A. Wander and P. Sherwood                **
**                                                                   **
**              J. Phys. Chem. A, 2009, 113 (43), 11856.             **
**                                                                   **
**   Please include this reference in published work using DL-FIND.  **
**                                                                   **
**               Copyright:  STFC Daresbury Laboratory               **
**                           Revision: Unversioned directory         **
**                                                                   **
***********************************************************************

 Calculating the reaction rate based on harmonic transition state theory
 Number of zero modes in RS and TS:    0    0
                     Reactant        TS
 Number of atoms         9480      9480
 Degrees of freedom        81        81
                                      Hartree           kJ/mol            eV                K
Potential energy Barrier             0.01599291       41.98937228        0.43518914     5050.15470665
ZPE Correction                      -0.00560196      -14.70793786       -0.15243702    -1768.95622746
Vibrational adiabatic barrier        0.01039095       27.28143443        0.28275212     3281.19847918
Rotational contr. at start T         0.00000000        0.00000000        0.00000000        0.00000000
Crossover Temperature              284.49795490 K
 log_10 of rates in second^-1
Change of log(rate) by the rotational partition function        0.00000000
       1000/T           rate classical       quantised vib.      simpl. Wigner       Eckart
      3.333333333333      6.079334142210      7.865519092565      8.259852961774      8.565293039834
 
 #       1000/T           full wigner
      3.333333333333      9.131118440229

Timing report
=============
Module                                      CPU time            Wall clock time
Total .................................     0.026 (100.00%)     0.185 (100.00%) seconds
Energy and Gradient ...................     0.000 (  0.00%)     0.000 (  0.00%) seconds
Step direction ........................     0.000 (  0.00%)     0.000 (  0.00%) seconds
Coordinate transformation .............     0.000 (  0.00%)     0.000 (  0.00%) seconds
Checkpoint file I/O ...................     0.000 (  0.00%)     0.000 (  0.00%) seconds
XYZ-file I/O ..........................     0.000 (  0.00%)     0.000 (  0.00%) seconds
exit 0
ChemShell exiting code 0
