Initialising Tcl ChemShell 3.7.0 on linux
load_amber_coords/=============================== Tstep:    0.0 Ttot:    0.0 ==
...load_amber_coords/============================ Tstep:    1.3 Ttot:    1.3 ==
...load_amber_coords/dl-find/==================== Tstep:    1.2 Ttot:    2.5 ==
...dl-find/copy_object/========================== Tstep:    0.0 Ttot:    2.5 ==
...dl-find/get_number_of_atoms/================== Tstep:    0.0 Ttot:    2.5 ==
...dl-find/set_matrix_size/====================== Tstep:    0.0 Ttot:    2.6 ==
...dl-find/set_matrix_size/====================== Tstep:    0.0 Ttot:    2.6 ==
...dl-find/none.init/============================ Tstep:    0.0 Ttot:    2.6 ==
...get_number_of_atoms/========================== Tstep:    0.0 Ttot:    2.6 ==
...get_number_of_shells/========================= Tstep:    0.0 Ttot:    2.6 ==

***********************************************************************
**                                                                   **
**                       ---------------------                       **
**                              DL-FIND                              **
**                       Geometry Optimisation                       **
**                       ---------------------                       **
**                                                                   **
**                 J. Kaestner, J.M. Carr, T.W. Keal,                **
**                W. Thiel, A. Wander and P. Sherwood                **
**                                                                   **
**              J. Phys. Chem. A, 2009, 113 (43), 11856.             **
**                                                                   **
**   Please include this reference in published work using DL-FIND.  **
**                                                                   **
**               Copyright:  STFC Daresbury Laboratory               **
**                           Revision: exported                      **
**                                                                   **
***********************************************************************

 Calculating the reaction rate based on harmonic transition state theory
 Number of zero modes in RS and TS:    0    0
                     Reactant        TS
 Number of atoms         9104      9104
 Degrees of freedom        81        81
                                      Hartree           kJ/mol            eV                K
Potential energy Barrier             0.02363850       62.06287088        0.64323628     7464.43879628
ZPE Correction                      -0.00609406      -15.99995088       -0.16582779    -1924.34949276
Vibrational adiabatic barrier        0.01754444       46.06292000        0.47740849     5540.08930353
Rotational contr. at start T         0.00000000        0.00000000        0.00000000        0.00000000
Crossover Temperature              267.39510292 K
 log_10 of rates in second^-1
Change of log(rate) by the rotational partition function        0.00000000
       1000/T           rate classical       quantised vib.      simpl. Wigner       Eckart
      3.333333333333      2.538356362234      4.549427851252      4.912439923122      5.228405942758
 
 #       1000/T           full wigner
      3.333333333333      5.471769822448

Timing report
=============
Module                                      CPU time            Wall clock time
Total .................................     0.028 (100.00%)     0.150 (100.00%) seconds
Energy and Gradient ...................     0.000 (  0.00%)     0.000 (  0.00%) seconds
Step direction ........................     0.000 (  0.00%)     0.000 (  0.00%) seconds
Coordinate transformation .............     0.000 (  0.00%)     0.000 (  0.00%) seconds
Checkpoint file I/O ...................     0.000 (  0.00%)     0.000 (  0.00%) seconds
XYZ-file I/O ..........................     0.000 (  0.00%)     0.000 (  0.00%) seconds
exit 0
ChemShell exiting code 0
Application 38615429 resources: utime ~3s, stime ~0s, Rss ~67332, inblocks ~60531, outblocks ~160946
