Initialising Tcl ChemShell 3.7.0 on 2 linux nodes
load_amber_coords/=============================== Tstep:    0.0 Ttot:    0.0 ==
...load_amber_coords/============================ Tstep:    1.2 Ttot:    1.2 ==
...load_amber_coords/dl-find/==================== Tstep:    1.3 Ttot:    2.5 ==
...dl-find/copy_object/========================== Tstep:    0.0 Ttot:    2.5 ==
...dl-find/get_number_of_atoms/================== Tstep:    0.0 Ttot:    2.5 ==
...dl-find/set_matrix_size/====================== Tstep:    0.0 Ttot:    2.6 ==
...dl-find/set_matrix_size/====================== Tstep:    0.0 Ttot:    2.6 ==
...dl-find/none.init/============================ Tstep:    0.0 Ttot:    2.6 ==
...get_number_of_atoms/========================== Tstep:    0.0 Ttot:    2.6 ==
...get_number_of_shells/========================= Tstep:    0.0 Ttot:    2.6 ==

***********************************************************************
**                                                                   **
**                       ---------------------                       **
**                              DL-FIND                              **
**                       Geometry Optimisation                       **
**                       ---------------------                       **
**                                                                   **
**                 J. Kaestner, J.M. Carr, T.W. Keal,                **
**                W. Thiel, A. Wander and P. Sherwood                **
**                                                                   **
**              J. Phys. Chem. A, 2009, 113 (43), 11856.             **
**                                                                   **
**   Please include this reference in published work using DL-FIND.  **
**                                                                   **
**               Copyright:  STFC Daresbury Laboratory               **
**                           Revision: Unversioned directory         **
**                                                                   **
***********************************************************************

 Calculating the reaction rate based on harmonic transition state theory
 Number of zero modes in RS and TS:    0    0
                     Reactant        TS
 Number of atoms         9396      9396
 Degrees of freedom        81        81
                                      Hartree           kJ/mol            eV                K
Potential energy Barrier             0.00250512        6.57719175        0.06816778      791.05340333
ZPE Correction                      -0.00477602      -12.53944603       -0.12996219    -1508.14691820
Vibrational adiabatic barrier       -0.00227090       -5.96225429       -0.06179441     -717.09351486
Rotational contr. at start T         0.00000000        0.00000000        0.00000000        0.00000000
Crossover Temperature              210.57309271 K
 log_10 of rates in second^-1
Change of log(rate) by the rotational partition function        0.00000000
       1000/T           rate classical       quantised vib.      simpl. Wigner       Eckart
      3.333333333333     12.356300433102     13.750302220850     14.008082269834                 NaN
 
 #       1000/T           full wigner
      3.333333333333     14.187681700523

Timing report
=============
Module                                      CPU time            Wall clock time
Total .................................     0.029 (100.00%)     0.109 (100.00%) seconds
Energy and Gradient ...................     0.000 (  0.00%)     0.000 (  0.00%) seconds
Step direction ........................     0.000 (  0.00%)     0.000 (  0.00%) seconds
Coordinate transformation .............     0.000 (  0.00%)     0.000 (  0.00%) seconds
Checkpoint file I/O ...................     0.000 (  0.00%)     0.000 (  0.00%) seconds
XYZ-file I/O ..........................     0.000 (  0.00%)     0.000 (  0.00%) seconds
exit 0
ChemShell exiting code 0
