Initialising Tcl ChemShell 3.7.0 on linux
load_amber_coords/=============================== Tstep:    0.2 Ttot:    0.2 ==
...load_amber_coords/============================ Tstep:    1.6 Ttot:    1.8 ==
...load_amber_coords/dl-find/==================== Tstep:    1.1 Ttot:    3.0 ==
...dl-find/copy_object/========================== Tstep:    0.0 Ttot:    3.0 ==
...dl-find/get_number_of_atoms/================== Tstep:    0.0 Ttot:    3.0 ==
...dl-find/set_matrix_size/====================== Tstep:    0.0 Ttot:    3.0 ==
...dl-find/set_matrix_size/====================== Tstep:    0.0 Ttot:    3.0 ==
...dl-find/none.init/============================ Tstep:    0.0 Ttot:    3.1 ==
...get_number_of_atoms/========================== Tstep:    0.0 Ttot:    3.1 ==
...get_number_of_shells/========================= Tstep:    0.0 Ttot:    3.1 ==

***********************************************************************
**                                                                   **
**                       ---------------------                       **
**                              DL-FIND                              **
**                       Geometry Optimisation                       **
**                       ---------------------                       **
**                                                                   **
**                 J. Kaestner, J.M. Carr, T.W. Keal,                **
**                W. Thiel, A. Wander and P. Sherwood                **
**                                                                   **
**              J. Phys. Chem. A, 2009, 113 (43), 11856.             **
**                                                                   **
**   Please include this reference in published work using DL-FIND.  **
**                                                                   **
**               Copyright:  STFC Daresbury Laboratory               **
**                           Revision: exported                      **
**                                                                   **
***********************************************************************

 Calculating the reaction rate based on harmonic transition state theory
 Number of zero modes in RS and TS:    0    0
                     Reactant        TS
 Number of atoms         9222      9222
 Degrees of freedom        81        81
                                      Hartree           kJ/mol            eV                K
Potential energy Barrier             0.02169591       56.96261201        0.59037582     6851.01937681
ZPE Correction                      -0.00629000      -16.51438888       -0.17115957    -1986.22208901
Vibrational adiabatic barrier        0.01540591       40.44822313        0.41921626     4864.79728780
Rotational contr. at start T         0.00000000        0.00000000        0.00000000        0.00000000
Crossover Temperature              224.50682488 K
 log_10 of rates in second^-1
Change of log(rate) by the rotational partition function        0.00000000
       1000/T           rate classical       quantised vib.      simpl. Wigner       Eckart
      3.333333333333      3.507779412538      5.585569254977      5.869147180253      6.044230149296
 
 #       1000/T           full wigner
      3.333333333333      6.105111040974

Timing report
=============
Module                                      CPU time            Wall clock time
Total .................................     0.028 (100.00%)     0.268 (100.00%) seconds
Energy and Gradient ...................     0.000 (  0.00%)     0.000 (  0.00%) seconds
Step direction ........................     0.000 (  0.00%)     0.000 (  0.00%) seconds
Coordinate transformation .............     0.000 (  0.00%)     0.000 (  0.00%) seconds
Checkpoint file I/O ...................     0.000 (  0.00%)     0.000 (  0.00%) seconds
XYZ-file I/O ..........................     0.000 (  0.00%)     0.000 (  0.00%) seconds
exit 0
ChemShell exiting code 0
Application 38615453 resources: utime ~3s, stime ~0s, Rss ~67628, inblocks ~60691, outblocks ~161060
